# JRE version: OpenJDK Runtime Environment Temurin-21.0.6+7 (21.0.6+7) (build 21.0.6+7-LTS)
# Java VM: OpenJDK 64-Bit Server VM Temurin-21.0.6+7 (21.0.6+7-LTS, mixed mode, sharing, tiered, compressed oops, compressed class ptrs, parallel gc, windows-amd64)
GC Precious Log:
 CardTable entry size: 512
 CPUs: 12 total, 12 available
 Memory: 7893M
 Large Page Support: Disabled
 NUMA Support: Disabled
 Compressed Oops: Enabled (32-bit)
 Alignments: Space 512K, Generation 512K, Heap 2M
 Heap Min Capacity: 100M
 Heap Initial Capacity: 100M
 Heap Max Capacity: 1G
 Pre-touch: Disabled
 Parallel Workers: 10
Heap:
 PSYoungGen      total 14848K, used 14834K [0x00000000eab00000, 0x00000000ebd00000, 0x0000000100000000)
  eden space 12288K, 100% used [0x00000000eab00000,0x00000000eb700000,0x00000000eb700000)
  from space 2560K, 99% used [0x00000000eba80000,0x00000000ebcfca50,0x00000000ebd00000)
  to   space 3072K, 91% used [0x00000000eb700000,0x00000000eb9bf6e0,0x00000000eba00000)
 ParOldGen       total 126976K, used 126482K [0x00000000c0000000, 0x00000000c7c00000, 0x00000000eab00000)
  object space 126976K, 99% used [0x00000000c0000000,0x00000000c7b84b48,0x00000000c7c00000)
 Metaspace       used 53072K, committed 54336K, reserved 1114112K
  class space    used 5535K, committed 6080K, reserved 1048576K
GC Heap History (20 events):
Event: 10.780 GC heap after
{Heap after GC invocations=50 (full 2):
 PSYoungGen      total 16384K, used 2693K [0x00000000eab00000, 0x00000000ec080000, 0x0000000100000000)
  eden space 13312K, 0% used [0x00000000eab00000,0x00000000eab00000,0x00000000eb800000)
  from space 3072K, 87% used [0x00000000ebd80000,0x00000000ec021520,0x00000000ec080000)
  to   space 3584K, 0% used [0x00000000eb980000,0x00000000eb980000,0x00000000ebd00000)
 ParOldGen       total 104448K, used 104317K [0x00000000c0000000, 0x00000000c6600000, 0x00000000eab00000)
  object space 104448K, 99% used [0x00000000c0000000,0x00000000c65df6e8,0x00000000c6600000)
 Metaspace       used 51259K, committed 52480K, reserved 1114112K
  class space    used 5403K, committed 5952K, reserved 1048576K
}
Event: 10.830 GC heap before
{Heap before GC invocations=51 (full 2):
 PSYoungGen      total 16384K, used 16005K [0x00000000eab00000, 0x00000000ec080000, 0x0000000100000000)
  eden space 13312K, 100% used [0x00000000eab00000,0x00000000eb800000,0x00000000eb800000)
  from space 3072K, 87% used [0x00000000ebd80000,0x00000000ec021520,0x00000000ec080000)
  to   space 3584K, 0% used [0x00000000eb980000,0x00000000eb980000,0x00000000ebd00000)
 ParOldGen       total 104448K, used 104317K [0x00000000c0000000, 0x00000000c6600000, 0x00000000eab00000)
  object space 104448K, 99% used [0x00000000c0000000,0x00000000c65df6e8,0x00000000c6600000)
 Metaspace       used 51381K, committed 52608K, reserved 1114112K
  class space    used 5409K, committed 5952K, reserved 1048576K
}
Event: 10.834 GC heap after
{Heap after GC invocations=51 (full 2):
 PSYoungGen      total 16896K, used 3249K [0x00000000eab00000, 0x00000000ebf00000, 0x0000000100000000)
  eden space 13312K, 0% used [0x00000000eab00000,0x00000000eab00000,0x00000000eb800000)
  from space 3584K, 90% used [0x00000000eb980000,0x00000000ebcac710,0x00000000ebd00000)
  to   space 2048K, 0% used [0x00000000ebd00000,0x00000000ebd00000,0x00000000ebf00000)
 ParOldGen       total 107008K, used 106776K [0x00000000c0000000, 0x00000000c6880000, 0x00000000eab00000)
  object space 107008K, 99% used [0x00000000c0000000,0x00000000c6846090,0x00000000c6880000)
 Metaspace       used 51381K, committed 52608K, reserved 1114112K
  class space    used 5409K, committed 5952K, reserved 1048576K
}
Event: 10.879 GC heap before
{Heap before GC invocations=52 (full 2):
 PSYoungGen      total 16896K, used 16561K [0x00000000eab00000, 0x00000000ebf00000, 0x0000000100000000)
  eden space 13312K, 100% used [0x00000000eab00000,0x00000000eb800000,0x00000000eb800000)
  from space 3584K, 90% used [0x00000000eb980000,0x00000000ebcac710,0x00000000ebd00000)
  to   space 2048K, 0% used [0x00000000ebd00000,0x00000000ebd00000,0x00000000ebf00000)
 ParOldGen       total 107008K, used 106776K [0x00000000c0000000, 0x00000000c6880000, 0x00000000eab00000)
  object space 107008K, 99% used [0x00000000c0000000,0x00000000c6846090,0x00000000c6880000)
 Metaspace       used 51536K, committed 52864K, reserved 1114112K
  class space    used 5421K, committed 6016K, reserved 1048576K
}
Event: 10.882 GC heap after
{Heap after GC invocations=52 (full 2):
 PSYoungGen      total 14336K, used 2032K [0x00000000eab00000, 0x00000000ec400000, 0x0000000100000000)
  eden space 12288K, 0% used [0x00000000eab00000,0x00000000eab00000,0x00000000eb700000)
  from space 2048K, 99% used [0x00000000ebd00000,0x00000000ebefc1c0,0x00000000ebf00000)
  to   space 6144K, 0% used [0x00000000eb700000,0x00000000eb700000,0x00000000ebd00000)
 ParOldGen       total 110592K, used 110351K [0x00000000c0000000, 0x00000000c6c00000, 0x00000000eab00000)
  object space 110592K, 99% used [0x00000000c0000000,0x00000000c6bc3f30,0x00000000c6c00000)
 Metaspace       used 51536K, committed 52864K, reserved 1114112K
  class space    used 5421K, committed 6016K, reserved 1048576K
}
Event: 10.927 GC heap before
{Heap before GC invocations=53 (full 2):
 PSYoungGen      total 14336K, used 14320K [0x00000000eab00000, 0x00000000ec400000, 0x0000000100000000)
  eden space 12288K, 100% used [0x00000000eab00000,0x00000000eb700000,0x00000000eb700000)
  from space 2048K, 99% used [0x00000000ebd00000,0x00000000ebefc1c0,0x00000000ebf00000)
  to   space 6144K, 0% used [0x00000000eb700000,0x00000000eb700000,0x00000000ebd00000)
 ParOldGen       total 110592K, used 110351K [0x00000000c0000000, 0x00000000c6c00000, 0x00000000eab00000)
  object space 110592K, 99% used [0x00000000c0000000,0x00000000c6bc3f30,0x00000000c6c00000)
 Metaspace       used 51664K, committed 52928K, reserved 1114112K
  class space    used 5430K, committed 6016K, reserved 1048576K
}
Event: 10.930 GC heap after
{Heap after GC invocations=53 (full 2):
 PSYoungGen      total 15360K, used 2630K [0x00000000eab00000, 0x00000000ebf00000, 0x0000000100000000)
  eden space 12288K, 0% used [0x00000000eab00000,0x00000000eab00000,0x00000000eb700000)
  from space 3072K, 85% used [0x00000000eb700000,0x00000000eb991bb0,0x00000000eba00000)
  to   space 4096K, 0% used [0x00000000ebb00000,0x00000000ebb00000,0x00000000ebf00000)
 ParOldGen       total 112640K, used 112334K [0x00000000c0000000, 0x00000000c6e00000, 0x00000000eab00000)
  object space 112640K, 99% used [0x00000000c0000000,0x00000000c6db3830,0x00000000c6e00000)
 Metaspace       used 51664K, committed 52928K, reserved 1114112K
  class space    used 5430K, committed 6016K, reserved 1048576K
}
Event: 10.978 GC heap before
{Heap before GC invocations=54 (full 2):
 PSYoungGen      total 15360K, used 14918K [0x00000000eab00000, 0x00000000ebf00000, 0x0000000100000000)
  eden space 12288K, 99% used [0x00000000eab00000,0x00000000eb6fffd0,0x00000000eb700000)
  from space 3072K, 85% used [0x00000000eb700000,0x00000000eb991bb0,0x00000000eba00000)
  to   space 4096K, 0% used [0x00000000ebb00000,0x00000000ebb00000,0x00000000ebf00000)
 ParOldGen       total 112640K, used 112334K [0x00000000c0000000, 0x00000000c6e00000, 0x00000000eab00000)
  object space 112640K, 99% used [0x00000000c0000000,0x00000000c6db3830,0x00000000c6e00000)
 Metaspace       used 51748K, committed 52992K, reserved 1114112K
  class space    used 5447K, committed 6016K, reserved 1048576K
}
Event: 10.981 GC heap after
{Heap after GC invocations=54 (full 2):
 PSYoungGen      total 14848K, used 2518K [0x00000000eab00000, 0x00000000ebd80000, 0x0000000100000000)
  eden space 12288K, 0% used [0x00000000eab00000,0x00000000eab00000,0x00000000eb700000)
  from space 2560K, 98% used [0x00000000ebb00000,0x00000000ebd75800,0x00000000ebd80000)
  to   space 3072K, 0% used [0x00000000eb780000,0x00000000eb780000,0x00000000eba80000)
 ParOldGen       total 115200K, used 114737K [0x00000000c0000000, 0x00000000c7080000, 0x00000000eab00000)
  object space 115200K, 99% used [0x00000000c0000000,0x00000000c700c5b0,0x00000000c7080000)
 Metaspace       used 51748K, committed 52992K, reserved 1114112K
  class space    used 5447K, committed 6016K, reserved 1048576K
}
Event: 11.037 GC heap before
{Heap before GC invocations=55 (full 2):
 PSYoungGen      total 14848K, used 14802K [0x00000000eab00000, 0x00000000ebd80000, 0x0000000100000000)
  eden space 12288K, 99% used [0x00000000eab00000,0x00000000eb6ff130,0x00000000eb700000)
  from space 2560K, 98% used [0x00000000ebb00000,0x00000000ebd75800,0x00000000ebd80000)
  to   space 3072K, 0% used [0x00000000eb780000,0x00000000eb780000,0x00000000eba80000)
 ParOldGen       total 115200K, used 114737K [0x00000000c0000000, 0x00000000c7080000, 0x00000000eab00000)
  object space 115200K, 99% used [0x00000000c0000000,0x00000000c700c5b0,0x00000000c7080000)
 Metaspace       used 51968K, committed 53184K, reserved 1114112K
  class space    used 5467K, committed 6016K, reserved 1048576K
}
Event: 11.041 GC heap after
{Heap after GC invocations=55 (full 2):
 PSYoungGen      total 15360K, used 3063K [0x00000000eab00000, 0x00000000ec300000, 0x0000000100000000)
  eden space 12288K, 0% used [0x00000000eab00000,0x00000000eab00000,0x00000000eb700000)
  from space 3072K, 99% used [0x00000000eb780000,0x00000000eba7dc68,0x00000000eba80000)
  to   space 6144K, 0% used [0x00000000ebd00000,0x00000000ebd00000,0x00000000ec300000)
 ParOldGen       total 117760K, used 117274K [0x00000000c0000000, 0x00000000c7300000, 0x00000000eab00000)
  object space 117760K, 99% used [0x00000000c0000000,0x00000000c7286818,0x00000000c7300000)
 Metaspace       used 51968K, committed 53184K, reserved 1114112K
  class space    used 5467K, committed 6016K, reserved 1048576K
}
Event: 11.078 GC heap before
{Heap before GC invocations=56 (full 2):
 PSYoungGen      total 15360K, used 15351K [0x00000000eab00000, 0x00000000ec300000, 0x0000000100000000)
  eden space 12288K, 100% used [0x00000000eab00000,0x00000000eb700000,0x00000000eb700000)
  from space 3072K, 99% used [0x00000000eb780000,0x00000000eba7dc68,0x00000000eba80000)
  to   space 6144K, 0% used [0x00000000ebd00000,0x00000000ebd00000,0x00000000ec300000)
 ParOldGen       total 117760K, used 117274K [0x00000000c0000000, 0x00000000c7300000, 0x00000000eab00000)
  object space 117760K, 99% used [0x00000000c0000000,0x00000000c7286818,0x00000000c7300000)
 Metaspace       used 52051K, committed 53312K, reserved 1114112K
  class space    used 5478K, committed 6080K, reserved 1048576K
}
Event: 11.083 GC heap after
{Heap after GC invocations=56 (full 2):
 PSYoungGen      total 15360K, used 2668K [0x00000000eab00000, 0x00000000ec000000, 0x0000000100000000)
  eden space 12288K, 0% used [0x00000000eab00000,0x00000000eab00000,0x00000000eb700000)
  from space 3072K, 86% used [0x00000000ebd00000,0x00000000ebf9b158,0x00000000ec000000)
  to   space 4096K, 0% used [0x00000000eb800000,0x00000000eb800000,0x00000000ebc00000)
 ParOldGen       total 120320K, used 120186K [0x00000000c0000000, 0x00000000c7580000, 0x00000000eab00000)
  object space 120320K, 99% used [0x00000000c0000000,0x00000000c755e9e8,0x00000000c7580000)
 Metaspace       used 52051K, committed 53312K, reserved 1114112K
  class space    used 5478K, committed 6080K, reserved 1048576K
}
Event: 11.125 GC heap before
{Heap before GC invocations=57 (full 2):
 PSYoungGen      total 15360K, used 14955K [0x00000000eab00000, 0x00000000ec000000, 0x0000000100000000)
  eden space 12288K, 99% used [0x00000000eab00000,0x00000000eb6ffb90,0x00000000eb700000)
  from space 3072K, 86% used [0x00000000ebd00000,0x00000000ebf9b158,0x00000000ec000000)
  to   space 4096K, 0% used [0x00000000eb800000,0x00000000eb800000,0x00000000ebc00000)
 ParOldGen       total 120320K, used 120186K [0x00000000c0000000, 0x00000000c7580000, 0x00000000eab00000)
  object space 120320K, 99% used [0x00000000c0000000,0x00000000c755e9e8,0x00000000c7580000)
 Metaspace       used 52235K, committed 53504K, reserved 1114112K
  class space    used 5487K, committed 6080K, reserved 1048576K
}
Event: 11.128 GC heap after
{Heap after GC invocations=57 (full 2):
 PSYoungGen      total 14848K, used 2330K [0x00000000eab00000, 0x00000000ebd80000, 0x0000000100000000)
  eden space 12288K, 0% used [0x00000000eab00000,0x00000000eab00000,0x00000000eb700000)
  from space 2560K, 91% used [0x00000000eb800000,0x00000000eba46a00,0x00000000eba80000)
  to   space 3072K, 0% used [0x00000000eba80000,0x00000000eba80000,0x00000000ebd80000)
 ParOldGen       total 122880K, used 122639K [0x00000000c0000000, 0x00000000c7800000, 0x00000000eab00000)
  object space 122880K, 99% used [0x00000000c0000000,0x00000000c77c3f78,0x00000000c7800000)
 Metaspace       used 52235K, committed 53504K, reserved 1114112K
  class space    used 5487K, committed 6080K, reserved 1048576K
}
Event: 11.172 GC heap before
{Heap before GC invocations=58 (full 2):
 PSYoungGen      total 14848K, used 14618K [0x00000000eab00000, 0x00000000ebd80000, 0x0000000100000000)
  eden space 12288K, 100% used [0x00000000eab00000,0x00000000eb700000,0x00000000eb700000)
  from space 2560K, 91% used [0x00000000eb800000,0x00000000eba46a00,0x00000000eba80000)
  to   space 3072K, 0% used [0x00000000eba80000,0x00000000eba80000,0x00000000ebd80000)
 ParOldGen       total 122880K, used 122639K [0x00000000c0000000, 0x00000000c7800000, 0x00000000eab00000)
  object space 122880K, 99% used [0x00000000c0000000,0x00000000c77c3f78,0x00000000c7800000)
 Metaspace       used 52519K, committed 53824K, reserved 1114112K
  class space    used 5518K, committed 6080K, reserved 1048576K
}
Event: 11.175 GC heap after
{Heap after GC invocations=58 (full 2):
 PSYoungGen      total 14848K, used 2546K [0x00000000eab00000, 0x00000000ebd00000, 0x0000000100000000)
  eden space 12288K, 0% used [0x00000000eab00000,0x00000000eab00000,0x00000000eb700000)
  from space 2560K, 99% used [0x00000000eba80000,0x00000000ebcfca50,0x00000000ebd00000)
  to   space 3072K, 0% used [0x00000000eb700000,0x00000000eb700000,0x00000000eba00000)
 ParOldGen       total 124928K, used 124843K [0x00000000c0000000, 0x00000000c7a00000, 0x00000000eab00000)
  object space 124928K, 99% used [0x00000000c0000000,0x00000000c79eaf38,0x00000000c7a00000)
 Metaspace       used 52519K, committed 53824K, reserved 1114112K
  class space    used 5518K, committed 6080K, reserved 1048576K
}
Event: 11.224 GC heap before
{Heap before GC invocations=59 (full 2):
 PSYoungGen      total 14848K, used 14834K [0x00000000eab00000, 0x00000000ebd00000, 0x0000000100000000)
  eden space 12288K, 100% used [0x00000000eab00000,0x00000000eb700000,0x00000000eb700000)
  from space 2560K, 99% used [0x00000000eba80000,0x00000000ebcfca50,0x00000000ebd00000)
  to   space 3072K, 0% used [0x00000000eb700000,0x00000000eb700000,0x00000000eba00000)
 ParOldGen       total 124928K, used 124843K [0x00000000c0000000, 0x00000000c7a00000, 0x00000000eab00000)
  object space 124928K, 99% used [0x00000000c0000000,0x00000000c79eaf38,0x00000000c7a00000)
 Metaspace       used 53072K, committed 54336K, reserved 1114112K
  class space    used 5535K, committed 6080K, reserved 1048576K
}
Event: 11.228 GC heap after
{Heap after GC invocations=59 (full 2):
 PSYoungGen      total 14848K, used 14834K [0x00000000eab00000, 0x00000000ebd00000, 0x0000000100000000)
  eden space 12288K, 100% used [0x00000000eab00000,0x00000000eb700000,0x00000000eb700000)
  from space 2560K, 99% used [0x00000000eba80000,0x00000000ebcfca50,0x00000000ebd00000)
  to   space 3072K, 91% used [0x00000000eb700000,0x00000000eb9bf6e0,0x00000000eba00000)
 ParOldGen       total 126976K, used 126482K [0x00000000c0000000, 0x00000000c7c00000, 0x00000000eab00000)
  object space 126976K, 99% used [0x00000000c0000000,0x00000000c7b84b48,0x00000000c7c00000)
 Metaspace       used 53072K, committed 54336K, reserved 1114112K
  class space    used 5535K, committed 6080K, reserved 1048576K
}
Event: 11.228 GC heap before
{Heap before GC invocations=60 (full 3):
 PSYoungGen      total 14848K, used 14834K [0x00000000eab00000, 0x00000000ebd00000, 0x0000000100000000)
  eden space 12288K, 100% used [0x00000000eab00000,0x00000000eb700000,0x00000000eb700000)
  from space 2560K, 99% used [0x00000000eba80000,0x00000000ebcfca50,0x00000000ebd00000)
  to   space 3072K, 91% used [0x00000000eb700000,0x00000000eb9bf6e0,0x00000000eba00000)
 ParOldGen       total 126976K, used 126482K [0x00000000c0000000, 0x00000000c7c00000, 0x00000000eab00000)
  object space 126976K, 99% used [0x00000000c0000000,0x00000000c7b84b48,0x00000000c7c00000)
 Metaspace       used 53072K, committed 54336K, reserved 1114112K
  class space    used 5535K, committed 6080K, reserved 1048576K
}

