# JRE version: OpenJDK Runtime Environment Temurin-21.0.6+7 (21.0.6+7) (build 21.0.6+7-LTS)
# Java VM: OpenJDK 64-Bit Server VM Temurin-21.0.6+7 (21.0.6+7-LTS, mixed mode, sharing, tiered, compressed oops, compressed class ptrs, parallel gc, windows-amd64)
GC Precious Log:
 CardTable entry size: 512
 CPUs: 12 total, 12 available
 Memory: 7893M
 Large Page Support: Disabled
 NUMA Support: Disabled
 Compressed Oops: Enabled (32-bit)
 Alignments: Space 512K, Generation 512K, Heap 2M
 Heap Min Capacity: 100M
 Heap Initial Capacity: 100M
 Heap Max Capacity: 1G
 Pre-touch: Disabled
 Parallel Workers: 10
Heap:
 PSYoungGen      total 3072K, used 1402K [0x00000000eab00000, 0x00000000eaf00000, 0x0000000100000000)
  eden space 2048K, 40% used [0x00000000eab00000,0x00000000eabd18b0,0x00000000ead00000)
  from space 1024K, 55% used [0x00000000eae00000,0x00000000eae8d080,0x00000000eaf00000)
  to   space 1024K, 0% used [0x00000000ead00000,0x00000000ead00000,0x00000000eae00000)
 ParOldGen       total 299008K, used 270151K [0x00000000c0000000, 0x00000000d2400000, 0x00000000eab00000)
  object space 299008K, 90% used [0x00000000c0000000,0x00000000d07d1c18,0x00000000d2400000)
 Metaspace       used 58807K, committed 60096K, reserved 1114112K
  class space    used 5909K, committed 6464K, reserved 1048576K
GC Heap History (20 events):
Event: 13.613 GC heap before
{Heap before GC invocations=343 (full 3):
 PSYoungGen      total 3072K, used 2696K [0x00000000eab00000, 0x00000000eaf00000, 0x0000000100000000)
  eden space 2048K, 100% used [0x00000000eab00000,0x00000000ead00000,0x00000000ead00000)
  from space 1024K, 63% used [0x00000000ead00000,0x00000000eada2030,0x00000000eae00000)
  to   space 1024K, 0% used [0x00000000eae00000,0x00000000eae00000,0x00000000eaf00000)
 ParOldGen       total 299008K, used 263478K [0x00000000c0000000, 0x00000000d2400000, 0x00000000eab00000)
  object space 299008K, 88% used [0x00000000c0000000,0x00000000d014da38,0x00000000d2400000)
 Metaspace       used 58695K, committed 60032K, reserved 1114112K
  class space    used 5907K, committed 6464K, reserved 1048576K
}
Event: 13.614 GC heap after
{Heap after GC invocations=343 (full 3):
 PSYoungGen      total 3072K, used 612K [0x00000000eab00000, 0x00000000eaf00000, 0x0000000100000000)
  eden space 2048K, 0% used [0x00000000eab00000,0x00000000eab00000,0x00000000ead00000)
  from space 1024K, 59% used [0x00000000eae00000,0x00000000eae99040,0x00000000eaf00000)
  to   space 1024K, 0% used [0x00000000ead00000,0x00000000ead00000,0x00000000eae00000)
 ParOldGen       total 299008K, used 263990K [0x00000000c0000000, 0x00000000d2400000, 0x00000000eab00000)
  object space 299008K, 88% used [0x00000000c0000000,0x00000000d01cd940,0x00000000d2400000)
 Metaspace       used 58695K, committed 60032K, reserved 1114112K
  class space    used 5907K, committed 6464K, reserved 1048576K
}
Event: 13.623 GC heap before
{Heap before GC invocations=344 (full 3):
 PSYoungGen      total 3072K, used 2660K [0x00000000eab00000, 0x00000000eaf00000, 0x0000000100000000)
  eden space 2048K, 100% used [0x00000000eab00000,0x00000000ead00000,0x00000000ead00000)
  from space 1024K, 59% used [0x00000000eae00000,0x00000000eae99040,0x00000000eaf00000)
  to   space 1024K, 0% used [0x00000000ead00000,0x00000000ead00000,0x00000000eae00000)
 ParOldGen       total 299008K, used 263990K [0x00000000c0000000, 0x00000000d2400000, 0x00000000eab00000)
  object space 299008K, 88% used [0x00000000c0000000,0x00000000d01cd940,0x00000000d2400000)
 Metaspace       used 58705K, committed 60032K, reserved 1114112K
  class space    used 5907K, committed 6464K, reserved 1048576K
}
Event: 13.624 GC heap after
{Heap after GC invocations=344 (full 3):
 PSYoungGen      total 3072K, used 624K [0x00000000eab00000, 0x00000000eaf00000, 0x0000000100000000)
  eden space 2048K, 0% used [0x00000000eab00000,0x00000000eab00000,0x00000000ead00000)
  from space 1024K, 60% used [0x00000000ead00000,0x00000000ead9c010,0x00000000eae00000)
  to   space 1024K, 0% used [0x00000000eae00000,0x00000000eae00000,0x00000000eaf00000)
 ParOldGen       total 299008K, used 264485K [0x00000000c0000000, 0x00000000d2400000, 0x00000000eab00000)
  object space 299008K, 88% used [0x00000000c0000000,0x00000000d0249638,0x00000000d2400000)
 Metaspace       used 58705K, committed 60032K, reserved 1114112K
  class space    used 5907K, committed 6464K, reserved 1048576K
}
Event: 13.632 GC heap before
{Heap before GC invocations=345 (full 3):
 PSYoungGen      total 3072K, used 2672K [0x00000000eab00000, 0x00000000eaf00000, 0x0000000100000000)
  eden space 2048K, 100% used [0x00000000eab00000,0x00000000ead00000,0x00000000ead00000)
  from space 1024K, 60% used [0x00000000ead00000,0x00000000ead9c010,0x00000000eae00000)
  to   space 1024K, 0% used [0x00000000eae00000,0x00000000eae00000,0x00000000eaf00000)
 ParOldGen       total 299008K, used 264485K [0x00000000c0000000, 0x00000000d2400000, 0x00000000eab00000)
  object space 299008K, 88% used [0x00000000c0000000,0x00000000d0249638,0x00000000d2400000)
 Metaspace       used 58722K, committed 60032K, reserved 1114112K
  class space    used 5907K, committed 6464K, reserved 1048576K
}
Event: 13.633 GC heap after
{Heap after GC invocations=345 (full 3):
 PSYoungGen      total 3072K, used 632K [0x00000000eab00000, 0x00000000eaf00000, 0x0000000100000000)
  eden space 2048K, 0% used [0x00000000eab00000,0x00000000eab00000,0x00000000ead00000)
  from space 1024K, 61% used [0x00000000eae00000,0x00000000eae9e0d8,0x00000000eaf00000)
  to   space 1024K, 0% used [0x00000000ead00000,0x00000000ead00000,0x00000000eae00000)
 ParOldGen       total 299008K, used 264949K [0x00000000c0000000, 0x00000000d2400000, 0x00000000eab00000)
  object space 299008K, 88% used [0x00000000c0000000,0x00000000d02bd728,0x00000000d2400000)
 Metaspace       used 58722K, committed 60032K, reserved 1114112K
  class space    used 5907K, committed 6464K, reserved 1048576K
}
Event: 13.640 GC heap before
{Heap before GC invocations=346 (full 3):
 PSYoungGen      total 3072K, used 2680K [0x00000000eab00000, 0x00000000eaf00000, 0x0000000100000000)
  eden space 2048K, 100% used [0x00000000eab00000,0x00000000ead00000,0x00000000ead00000)
  from space 1024K, 61% used [0x00000000eae00000,0x00000000eae9e0d8,0x00000000eaf00000)
  to   space 1024K, 0% used [0x00000000ead00000,0x00000000ead00000,0x00000000eae00000)
 ParOldGen       total 299008K, used 264949K [0x00000000c0000000, 0x00000000d2400000, 0x00000000eab00000)
  object space 299008K, 88% used [0x00000000c0000000,0x00000000d02bd728,0x00000000d2400000)
 Metaspace       used 58735K, committed 60032K, reserved 1114112K
  class space    used 5907K, committed 6464K, reserved 1048576K
}
Event: 13.642 GC heap after
{Heap after GC invocations=346 (full 3):
 PSYoungGen      total 3072K, used 691K [0x00000000eab00000, 0x00000000eaf00000, 0x0000000100000000)
  eden space 2048K, 0% used [0x00000000eab00000,0x00000000eab00000,0x00000000ead00000)
  from space 1024K, 67% used [0x00000000ead00000,0x00000000eadacea0,0x00000000eae00000)
  to   space 1024K, 0% used [0x00000000eae00000,0x00000000eae00000,0x00000000eaf00000)
 ParOldGen       total 299008K, used 265476K [0x00000000c0000000, 0x00000000d2400000, 0x00000000eab00000)
  object space 299008K, 88% used [0x00000000c0000000,0x00000000d03411c8,0x00000000d2400000)
 Metaspace       used 58735K, committed 60032K, reserved 1114112K
  class space    used 5907K, committed 6464K, reserved 1048576K
}
Event: 13.656 GC heap before
{Heap before GC invocations=347 (full 3):
 PSYoungGen      total 3072K, used 2739K [0x00000000eab00000, 0x00000000eaf00000, 0x0000000100000000)
  eden space 2048K, 100% used [0x00000000eab00000,0x00000000ead00000,0x00000000ead00000)
  from space 1024K, 67% used [0x00000000ead00000,0x00000000eadacea0,0x00000000eae00000)
  to   space 1024K, 0% used [0x00000000eae00000,0x00000000eae00000,0x00000000eaf00000)
 ParOldGen       total 299008K, used 265476K [0x00000000c0000000, 0x00000000d2400000, 0x00000000eab00000)
  object space 299008K, 88% used [0x00000000c0000000,0x00000000d03411c8,0x00000000d2400000)
 Metaspace       used 58739K, committed 60032K, reserved 1114112K
  class space    used 5907K, committed 6464K, reserved 1048576K
}
Event: 13.658 GC heap after
{Heap after GC invocations=347 (full 3):
 PSYoungGen      total 3072K, used 624K [0x00000000eab00000, 0x00000000eaf00000, 0x0000000100000000)
  eden space 2048K, 0% used [0x00000000eab00000,0x00000000eab00000,0x00000000ead00000)
  from space 1024K, 61% used [0x00000000eae00000,0x00000000eae9c2c8,0x00000000eaf00000)
  to   space 1024K, 0% used [0x00000000ead00000,0x00000000ead00000,0x00000000eae00000)
 ParOldGen       total 299008K, used 266007K [0x00000000c0000000, 0x00000000d2400000, 0x00000000eab00000)
  object space 299008K, 88% used [0x00000000c0000000,0x00000000d03c5ee8,0x00000000d2400000)
 Metaspace       used 58739K, committed 60032K, reserved 1114112K
  class space    used 5907K, committed 6464K, reserved 1048576K
}
Event: 13.668 GC heap before
{Heap before GC invocations=348 (full 3):
 PSYoungGen      total 3072K, used 2672K [0x00000000eab00000, 0x00000000eaf00000, 0x0000000100000000)
  eden space 2048K, 100% used [0x00000000eab00000,0x00000000ead00000,0x00000000ead00000)
  from space 1024K, 61% used [0x00000000eae00000,0x00000000eae9c2c8,0x00000000eaf00000)
  to   space 1024K, 0% used [0x00000000ead00000,0x00000000ead00000,0x00000000eae00000)
 ParOldGen       total 299008K, used 266007K [0x00000000c0000000, 0x00000000d2400000, 0x00000000eab00000)
  object space 299008K, 88% used [0x00000000c0000000,0x00000000d03c5ee8,0x00000000d2400000)
 Metaspace       used 58743K, committed 60032K, reserved 1114112K
  class space    used 5907K, committed 6464K, reserved 1048576K
}
Event: 13.670 GC heap after
{Heap after GC invocations=348 (full 3):
 PSYoungGen      total 3072K, used 704K [0x00000000eab00000, 0x00000000eaf00000, 0x0000000100000000)
  eden space 2048K, 0% used [0x00000000eab00000,0x00000000eab00000,0x00000000ead00000)
  from space 1024K, 68% used [0x00000000ead00000,0x00000000eadb0000,0x00000000eae00000)
  to   space 1024K, 0% used [0x00000000eae00000,0x00000000eae00000,0x00000000eaf00000)
 ParOldGen       total 299008K, used 266494K [0x00000000c0000000, 0x00000000d2400000, 0x00000000eab00000)
  object space 299008K, 89% used [0x00000000c0000000,0x00000000d043fa18,0x00000000d2400000)
 Metaspace       used 58743K, committed 60032K, reserved 1114112K
  class space    used 5907K, committed 6464K, reserved 1048576K
}
Event: 13.676 GC heap before
{Heap before GC invocations=349 (full 3):
 PSYoungGen      total 3072K, used 2752K [0x00000000eab00000, 0x00000000eaf00000, 0x0000000100000000)
  eden space 2048K, 100% used [0x00000000eab00000,0x00000000ead00000,0x00000000ead00000)
  from space 1024K, 68% used [0x00000000ead00000,0x00000000eadb0000,0x00000000eae00000)
  to   space 1024K, 0% used [0x00000000eae00000,0x00000000eae00000,0x00000000eaf00000)
 ParOldGen       total 299008K, used 266494K [0x00000000c0000000, 0x00000000d2400000, 0x00000000eab00000)
  object space 299008K, 89% used [0x00000000c0000000,0x00000000d043fa18,0x00000000d2400000)
 Metaspace       used 58746K, committed 60032K, reserved 1114112K
  class space    used 5907K, committed 6464K, reserved 1048576K
}
Event: 13.677 GC heap after
{Heap after GC invocations=349 (full 3):
 PSYoungGen      total 3072K, used 625K [0x00000000eab00000, 0x00000000eaf00000, 0x0000000100000000)
  eden space 2048K, 0% used [0x00000000eab00000,0x00000000eab00000,0x00000000ead00000)
  from space 1024K, 61% used [0x00000000eae00000,0x00000000eae9c688,0x00000000eaf00000)
  to   space 1024K, 0% used [0x00000000ead00000,0x00000000ead00000,0x00000000eae00000)
 ParOldGen       total 299008K, used 266974K [0x00000000c0000000, 0x00000000d2400000, 0x00000000eab00000)
  object space 299008K, 89% used [0x00000000c0000000,0x00000000d04b79f0,0x00000000d2400000)
 Metaspace       used 58746K, committed 60032K, reserved 1114112K
  class space    used 5907K, committed 6464K, reserved 1048576K
}
Event: 13.683 GC heap before
{Heap before GC invocations=350 (full 3):
 PSYoungGen      total 3072K, used 2673K [0x00000000eab00000, 0x00000000eaf00000, 0x0000000100000000)
  eden space 2048K, 100% used [0x00000000eab00000,0x00000000ead00000,0x00000000ead00000)
  from space 1024K, 61% used [0x00000000eae00000,0x00000000eae9c688,0x00000000eaf00000)
  to   space 1024K, 0% used [0x00000000ead00000,0x00000000ead00000,0x00000000eae00000)
 ParOldGen       total 299008K, used 266974K [0x00000000c0000000, 0x00000000d2400000, 0x00000000eab00000)
  object space 299008K, 89% used [0x00000000c0000000,0x00000000d04b79f0,0x00000000d2400000)
 Metaspace       used 58766K, committed 60032K, reserved 1114112K
  class space    used 5908K, committed 6464K, reserved 1048576K
}
Event: 13.684 GC heap after
{Heap after GC invocations=350 (full 3):
 PSYoungGen      total 3072K, used 768K [0x00000000eab00000, 0x00000000eaf00000, 0x0000000100000000)
  eden space 2048K, 0% used [0x00000000eab00000,0x00000000eab00000,0x00000000ead00000)
  from space 1024K, 75% used [0x00000000ead00000,0x00000000eadc0020,0x00000000eae00000)
  to   space 1024K, 0% used [0x00000000eae00000,0x00000000eae00000,0x00000000eaf00000)
 ParOldGen       total 299008K, used 267477K [0x00000000c0000000, 0x00000000d2400000, 0x00000000eab00000)
  object space 299008K, 89% used [0x00000000c0000000,0x00000000d0535588,0x00000000d2400000)
 Metaspace       used 58766K, committed 60032K, reserved 1114112K
  class space    used 5908K, committed 6464K, reserved 1048576K
}
Event: 13.689 GC heap before
{Heap before GC invocations=351 (full 3):
 PSYoungGen      total 3072K, used 2816K [0x00000000eab00000, 0x00000000eaf00000, 0x0000000100000000)
  eden space 2048K, 100% used [0x00000000eab00000,0x00000000ead00000,0x00000000ead00000)
  from space 1024K, 75% used [0x00000000ead00000,0x00000000eadc0020,0x00000000eae00000)
  to   space 1024K, 0% used [0x00000000eae00000,0x00000000eae00000,0x00000000eaf00000)
 ParOldGen       total 299008K, used 267477K [0x00000000c0000000, 0x00000000d2400000, 0x00000000eab00000)
  object space 299008K, 89% used [0x00000000c0000000,0x00000000d0535588,0x00000000d2400000)
 Metaspace       used 58770K, committed 60032K, reserved 1114112K
  class space    used 5908K, committed 6464K, reserved 1048576K
}
Event: 13.690 GC heap after
{Heap after GC invocations=351 (full 3):
 PSYoungGen      total 3072K, used 665K [0x00000000eab00000, 0x00000000eaf00000, 0x0000000100000000)
  eden space 2048K, 0% used [0x00000000eab00000,0x00000000eab00000,0x00000000ead00000)
  from space 1024K, 65% used [0x00000000eae00000,0x00000000eaea6700,0x00000000eaf00000)
  to   space 1024K, 0% used [0x00000000ead00000,0x00000000ead00000,0x00000000eae00000)
 ParOldGen       total 299008K, used 268058K [0x00000000c0000000, 0x00000000d2400000, 0x00000000eab00000)
  object space 299008K, 89% used [0x00000000c0000000,0x00000000d05c6ad0,0x00000000d2400000)
 Metaspace       used 58770K, committed 60032K, reserved 1114112K
  class space    used 5908K, committed 6464K, reserved 1048576K
}
Event: 13.697 GC heap before
{Heap before GC invocations=352 (full 3):
 PSYoungGen      total 3072K, used 2713K [0x00000000eab00000, 0x00000000eaf00000, 0x0000000100000000)
  eden space 2048K, 100% used [0x00000000eab00000,0x00000000ead00000,0x00000000ead00000)
  from space 1024K, 65% used [0x00000000eae00000,0x00000000eaea6700,0x00000000eaf00000)
  to   space 1024K, 0% used [0x00000000ead00000,0x00000000ead00000,0x00000000eae00000)
 ParOldGen       total 299008K, used 268058K [0x00000000c0000000, 0x00000000d2400000, 0x00000000eab00000)
  object space 299008K, 89% used [0x00000000c0000000,0x00000000d05c6ad0,0x00000000d2400000)
 Metaspace       used 58770K, committed 60032K, reserved 1114112K
  class space    used 5908K, committed 6464K, reserved 1048576K
}
Event: 13.698 GC heap after
{Heap after GC invocations=352 (full 3):
 PSYoungGen      total 3072K, used 637K [0x00000000eab00000, 0x00000000eaf00000, 0x0000000100000000)
  eden space 2048K, 0% used [0x00000000eab00000,0x00000000eab00000,0x00000000ead00000)
  from space 1024K, 62% used [0x00000000ead00000,0x00000000ead9f6c8,0x00000000eae00000)
  to   space 1024K, 0% used [0x00000000eae00000,0x00000000eae00000,0x00000000eaf00000)
 ParOldGen       total 299008K, used 268585K [0x00000000c0000000, 0x00000000d2400000, 0x00000000eab00000)
  object space 299008K, 89% used [0x00000000c0000000,0x00000000d064a598,0x00000000d2400000)
 Metaspace       used 58770K, committed 60032K, reserved 1114112K
  class space    used 5908K, committed 6464K, reserved 1048576K
}

