# JRE version: OpenJDK Runtime Environment Temurin-21.0.6+7 (21.0.6+7) (build 21.0.6+7-LTS)
# Java VM: OpenJDK 64-Bit Server VM Temurin-21.0.6+7 (21.0.6+7-LTS, mixed mode, sharing, tiered, compressed oops, compressed class ptrs, parallel gc, windows-amd64)
GC Precious Log:
 CardTable entry size: 512
 CPUs: 12 total, 12 available
 Memory: 7893M
 Large Page Support: Disabled
 NUMA Support: Disabled
 Compressed Oops: Enabled (32-bit)
 Alignments: Space 512K, Generation 512K, Heap 2M
 Heap Min Capacity: 100M
 Heap Initial Capacity: 100M
 Heap Max Capacity: 1G
 Pre-touch: Disabled
 Parallel Workers: 10
Heap:
 PSYoungGen      total 8192K, used 4598K [0x00000000eab00000, 0x00000000eb600000, 0x0000000100000000)
  eden space 5632K, 36% used [0x00000000eab00000,0x00000000ead014d0,0x00000000eb080000)
  from space 2560K, 99% used [0x00000000eb380000,0x00000000eb5fc660,0x00000000eb600000)
  to   space 2560K, 0% used [0x00000000eb080000,0x00000000eb080000,0x00000000eb300000)
 ParOldGen       total 358400K, used 322679K [0x00000000c0000000, 0x00000000d5e00000, 0x00000000eab00000)
  object space 358400K, 90% used [0x00000000c0000000,0x00000000d3b1dc38,0x00000000d5e00000)
 Metaspace       used 61775K, committed 63168K, reserved 1114112K
  class space    used 6302K, committed 6912K, reserved 1048576K
GC Heap History (20 events):
Event: 13.682 GC heap before
{Heap before GC invocations=414 (full 3):
 PSYoungGen      total 9216K, used 8512K [0x00000000eab00000, 0x00000000eb800000, 0x0000000100000000)
  eden space 5632K, 94% used [0x00000000eab00000,0x00000000eb02e540,0x00000000eb080000)
  from space 3584K, 89% used [0x00000000eb480000,0x00000000eb7a1e90,0x00000000eb800000)
  to   space 3584K, 0% used [0x00000000eb100000,0x00000000eb100000,0x00000000eb480000)
 ParOldGen       total 332288K, used 332017K [0x00000000c0000000, 0x00000000d4480000, 0x00000000eab00000)
  object space 332288K, 99% used [0x00000000c0000000,0x00000000d443c4b8,0x00000000d4480000)
 Metaspace       used 59813K, committed 61120K, reserved 1114112K
  class space    used 5976K, committed 6528K, reserved 1048576K
}
Event: 13.686 GC heap after
{Heap after GC invocations=414 (full 3):
 PSYoungGen      total 9216K, used 3475K [0x00000000eab00000, 0x00000000eb780000, 0x0000000100000000)
  eden space 5632K, 0% used [0x00000000eab00000,0x00000000eab00000,0x00000000eb080000)
  from space 3584K, 96% used [0x00000000eb100000,0x00000000eb464e60,0x00000000eb480000)
  to   space 3072K, 0% used [0x00000000eb480000,0x00000000eb480000,0x00000000eb780000)
 ParOldGen       total 335360K, used 335114K [0x00000000c0000000, 0x00000000d4780000, 0x00000000eab00000)
  object space 335360K, 99% used [0x00000000c0000000,0x00000000d4742848,0x00000000d4780000)
 Metaspace       used 59813K, committed 61120K, reserved 1114112K
  class space    used 5976K, committed 6528K, reserved 1048576K
}
Event: 13.736 GC heap before
{Heap before GC invocations=415 (full 3):
 PSYoungGen      total 9216K, used 9107K [0x00000000eab00000, 0x00000000eb780000, 0x0000000100000000)
  eden space 5632K, 100% used [0x00000000eab00000,0x00000000eb080000,0x00000000eb080000)
  from space 3584K, 96% used [0x00000000eb100000,0x00000000eb464e60,0x00000000eb480000)
  to   space 3072K, 0% used [0x00000000eb480000,0x00000000eb480000,0x00000000eb780000)
 ParOldGen       total 335360K, used 335114K [0x00000000c0000000, 0x00000000d4780000, 0x00000000eab00000)
  object space 335360K, 99% used [0x00000000c0000000,0x00000000d4742848,0x00000000d4780000)
 Metaspace       used 59813K, committed 61120K, reserved 1114112K
  class space    used 5976K, committed 6528K, reserved 1048576K
}
Event: 13.740 GC heap after
{Heap after GC invocations=415 (full 3):
 PSYoungGen      total 8192K, used 2459K [0x00000000eab00000, 0x00000000eb700000, 0x0000000100000000)
  eden space 5632K, 0% used [0x00000000eab00000,0x00000000eab00000,0x00000000eb080000)
  from space 2560K, 96% used [0x00000000eb480000,0x00000000eb6e6f48,0x00000000eb700000)
  to   space 3072K, 0% used [0x00000000eb100000,0x00000000eb100000,0x00000000eb400000)
 ParOldGen       total 339456K, used 339138K [0x00000000c0000000, 0x00000000d4b80000, 0x00000000eab00000)
  object space 339456K, 99% used [0x00000000c0000000,0x00000000d4b30ba0,0x00000000d4b80000)
 Metaspace       used 59813K, committed 61120K, reserved 1114112K
  class space    used 5976K, committed 6528K, reserved 1048576K
}
Event: 13.785 GC heap before
{Heap before GC invocations=416 (full 3):
 PSYoungGen      total 8192K, used 8091K [0x00000000eab00000, 0x00000000eb700000, 0x0000000100000000)
  eden space 5632K, 100% used [0x00000000eab00000,0x00000000eb080000,0x00000000eb080000)
  from space 2560K, 96% used [0x00000000eb480000,0x00000000eb6e6f48,0x00000000eb700000)
  to   space 3072K, 0% used [0x00000000eb100000,0x00000000eb100000,0x00000000eb400000)
 ParOldGen       total 339456K, used 339138K [0x00000000c0000000, 0x00000000d4b80000, 0x00000000eab00000)
  object space 339456K, 99% used [0x00000000c0000000,0x00000000d4b30ba0,0x00000000d4b80000)
 Metaspace       used 59813K, committed 61120K, reserved 1114112K
  class space    used 5976K, committed 6528K, reserved 1048576K
}
Event: 13.789 GC heap after
{Heap after GC invocations=416 (full 3):
 PSYoungGen      total 8704K, used 3071K [0x00000000eab00000, 0x00000000eb780000, 0x0000000100000000)
  eden space 5632K, 0% used [0x00000000eab00000,0x00000000eab00000,0x00000000eb080000)
  from space 3072K, 99% used [0x00000000eb100000,0x00000000eb3fff70,0x00000000eb400000)
  to   space 3584K, 0% used [0x00000000eb400000,0x00000000eb400000,0x00000000eb780000)
 ParOldGen       total 342016K, used 341524K [0x00000000c0000000, 0x00000000d4e00000, 0x00000000eab00000)
  object space 342016K, 99% used [0x00000000c0000000,0x00000000d4d85028,0x00000000d4e00000)
 Metaspace       used 59813K, committed 61120K, reserved 1114112K
  class space    used 5976K, committed 6528K, reserved 1048576K
}
Event: 13.847 GC heap before
{Heap before GC invocations=417 (full 3):
 PSYoungGen      total 8704K, used 8586K [0x00000000eab00000, 0x00000000eb780000, 0x0000000100000000)
  eden space 5632K, 97% used [0x00000000eab00000,0x00000000eb0628c0,0x00000000eb080000)
  from space 3072K, 99% used [0x00000000eb100000,0x00000000eb3fff70,0x00000000eb400000)
  to   space 3584K, 0% used [0x00000000eb400000,0x00000000eb400000,0x00000000eb780000)
 ParOldGen       total 342016K, used 341524K [0x00000000c0000000, 0x00000000d4e00000, 0x00000000eab00000)
  object space 342016K, 99% used [0x00000000c0000000,0x00000000d4d85028,0x00000000d4e00000)
 Metaspace       used 60141K, committed 61440K, reserved 1114112K
  class space    used 6032K, committed 6592K, reserved 1048576K
}
Event: 13.851 GC heap after
{Heap after GC invocations=417 (full 3):
 PSYoungGen      total 8704K, used 2731K [0x00000000eab00000, 0x00000000eb700000, 0x0000000100000000)
  eden space 5632K, 0% used [0x00000000eab00000,0x00000000eab00000,0x00000000eb080000)
  from space 3072K, 88% used [0x00000000eb400000,0x00000000eb6aae00,0x00000000eb700000)
  to   space 3072K, 0% used [0x00000000eb100000,0x00000000eb100000,0x00000000eb400000)
 ParOldGen       total 344576K, used 344462K [0x00000000c0000000, 0x00000000d5080000, 0x00000000eab00000)
  object space 344576K, 99% used [0x00000000c0000000,0x00000000d5063a38,0x00000000d5080000)
 Metaspace       used 60141K, committed 61440K, reserved 1114112K
  class space    used 6032K, committed 6592K, reserved 1048576K
}
Event: 13.878 GC heap before
{Heap before GC invocations=418 (full 3):
 PSYoungGen      total 8704K, used 8363K [0x00000000eab00000, 0x00000000eb700000, 0x0000000100000000)
  eden space 5632K, 100% used [0x00000000eab00000,0x00000000eb080000,0x00000000eb080000)
  from space 3072K, 88% used [0x00000000eb400000,0x00000000eb6aae00,0x00000000eb700000)
  to   space 3072K, 0% used [0x00000000eb100000,0x00000000eb100000,0x00000000eb400000)
 ParOldGen       total 344576K, used 344462K [0x00000000c0000000, 0x00000000d5080000, 0x00000000eab00000)
  object space 344576K, 99% used [0x00000000c0000000,0x00000000d5063a38,0x00000000d5080000)
 Metaspace       used 60495K, committed 61824K, reserved 1114112K
  class space    used 6084K, committed 6656K, reserved 1048576K
}
Event: 13.883 GC heap after
{Heap after GC invocations=418 (full 3):
 PSYoungGen      total 8704K, used 2735K [0x00000000eab00000, 0x00000000eb680000, 0x0000000100000000)
  eden space 5632K, 0% used [0x00000000eab00000,0x00000000eab00000,0x00000000eb080000)
  from space 3072K, 89% used [0x00000000eb100000,0x00000000eb3abda8,0x00000000eb400000)
  to   space 2560K, 0% used [0x00000000eb400000,0x00000000eb400000,0x00000000eb680000)
 ParOldGen       total 347136K, used 347044K [0x00000000c0000000, 0x00000000d5300000, 0x00000000eab00000)
  object space 347136K, 99% used [0x00000000c0000000,0x00000000d52e9208,0x00000000d5300000)
 Metaspace       used 60495K, committed 61824K, reserved 1114112K
  class space    used 6084K, committed 6656K, reserved 1048576K
}
Event: 13.926 GC heap before
{Heap before GC invocations=419 (full 3):
 PSYoungGen      total 8704K, used 8367K [0x00000000eab00000, 0x00000000eb680000, 0x0000000100000000)
  eden space 5632K, 100% used [0x00000000eab00000,0x00000000eb080000,0x00000000eb080000)
  from space 3072K, 89% used [0x00000000eb100000,0x00000000eb3abda8,0x00000000eb400000)
  to   space 2560K, 0% used [0x00000000eb400000,0x00000000eb400000,0x00000000eb680000)
 ParOldGen       total 347136K, used 347044K [0x00000000c0000000, 0x00000000d5300000, 0x00000000eab00000)
  object space 347136K, 99% used [0x00000000c0000000,0x00000000d52e9208,0x00000000d5300000)
 Metaspace       used 60930K, committed 62208K, reserved 1114112K
  class space    used 6155K, committed 6720K, reserved 1048576K
}
Event: 13.930 GC heap after
{Heap after GC invocations=419 (full 3):
 PSYoungGen      total 8192K, used 2463K [0x00000000eab00000, 0x00000000eb680000, 0x0000000100000000)
  eden space 5632K, 0% used [0x00000000eab00000,0x00000000eab00000,0x00000000eb080000)
  from space 2560K, 96% used [0x00000000eb400000,0x00000000eb667e30,0x00000000eb680000)
  to   space 3072K, 0% used [0x00000000eb080000,0x00000000eb080000,0x00000000eb380000)
 ParOldGen       total 350720K, used 350305K [0x00000000c0000000, 0x00000000d5680000, 0x00000000eab00000)
  object space 350720K, 99% used [0x00000000c0000000,0x00000000d56185f8,0x00000000d5680000)
 Metaspace       used 60930K, committed 62208K, reserved 1114112K
  class space    used 6155K, committed 6720K, reserved 1048576K
}
Event: 13.957 GC heap before
{Heap before GC invocations=420 (full 3):
 PSYoungGen      total 8192K, used 8095K [0x00000000eab00000, 0x00000000eb680000, 0x0000000100000000)
  eden space 5632K, 100% used [0x00000000eab00000,0x00000000eb080000,0x00000000eb080000)
  from space 2560K, 96% used [0x00000000eb400000,0x00000000eb667e30,0x00000000eb680000)
  to   space 3072K, 0% used [0x00000000eb080000,0x00000000eb080000,0x00000000eb380000)
 ParOldGen       total 350720K, used 350305K [0x00000000c0000000, 0x00000000d5680000, 0x00000000eab00000)
  object space 350720K, 99% used [0x00000000c0000000,0x00000000d56185f8,0x00000000d5680000)
 Metaspace       used 61262K, committed 62656K, reserved 1114112K
  class space    used 6222K, committed 6784K, reserved 1048576K
}
Event: 13.960 GC heap after
{Heap after GC invocations=420 (full 3):
 PSYoungGen      total 8192K, used 2487K [0x00000000eab00000, 0x00000000eb580000, 0x0000000100000000)
  eden space 5632K, 0% used [0x00000000eab00000,0x00000000eab00000,0x00000000eb080000)
  from space 2560K, 97% used [0x00000000eb080000,0x00000000eb2edda8,0x00000000eb300000)
  to   space 2560K, 0% used [0x00000000eb300000,0x00000000eb300000,0x00000000eb580000)
 ParOldGen       total 352768K, used 352610K [0x00000000c0000000, 0x00000000d5880000, 0x00000000eab00000)
  object space 352768K, 99% used [0x00000000c0000000,0x00000000d5858970,0x00000000d5880000)
 Metaspace       used 61262K, committed 62656K, reserved 1114112K
  class space    used 6222K, committed 6784K, reserved 1048576K
}
Event: 13.986 GC heap before
{Heap before GC invocations=421 (full 3):
 PSYoungGen      total 8192K, used 8119K [0x00000000eab00000, 0x00000000eb580000, 0x0000000100000000)
  eden space 5632K, 100% used [0x00000000eab00000,0x00000000eb080000,0x00000000eb080000)
  from space 2560K, 97% used [0x00000000eb080000,0x00000000eb2edda8,0x00000000eb300000)
  to   space 2560K, 0% used [0x00000000eb300000,0x00000000eb300000,0x00000000eb580000)
 ParOldGen       total 352768K, used 352610K [0x00000000c0000000, 0x00000000d5880000, 0x00000000eab00000)
  object space 352768K, 99% used [0x00000000c0000000,0x00000000d5858970,0x00000000d5880000)
 Metaspace       used 61464K, committed 62848K, reserved 1114112K
  class space    used 6247K, committed 6848K, reserved 1048576K
}
Event: 13.991 GC heap after
{Heap after GC invocations=421 (full 3):
 PSYoungGen      total 8192K, used 2542K [0x00000000eab00000, 0x00000000eb580000, 0x0000000100000000)
  eden space 5632K, 0% used [0x00000000eab00000,0x00000000eab00000,0x00000000eb080000)
  from space 2560K, 99% used [0x00000000eb300000,0x00000000eb57bb78,0x00000000eb580000)
  to   space 2560K, 0% used [0x00000000eb080000,0x00000000eb080000,0x00000000eb300000)
 ParOldGen       total 356864K, used 356267K [0x00000000c0000000, 0x00000000d5c80000, 0x00000000eab00000)
  object space 356864K, 99% used [0x00000000c0000000,0x00000000d5beac00,0x00000000d5c80000)
 Metaspace       used 61464K, committed 62848K, reserved 1114112K
  class space    used 6247K, committed 6848K, reserved 1048576K
}
Event: 14.047 GC heap before
{Heap before GC invocations=422 (full 3):
 PSYoungGen      total 8192K, used 8174K [0x00000000eab00000, 0x00000000eb580000, 0x0000000100000000)
  eden space 5632K, 100% used [0x00000000eab00000,0x00000000eb080000,0x00000000eb080000)
  from space 2560K, 99% used [0x00000000eb300000,0x00000000eb57bb78,0x00000000eb580000)
  to   space 2560K, 0% used [0x00000000eb080000,0x00000000eb080000,0x00000000eb300000)
 ParOldGen       total 356864K, used 356267K [0x00000000c0000000, 0x00000000d5c80000, 0x00000000eab00000)
  object space 356864K, 99% used [0x00000000c0000000,0x00000000d5beac00,0x00000000d5c80000)
 Metaspace       used 61630K, committed 62976K, reserved 1114112K
  class space    used 6273K, committed 6848K, reserved 1048576K
}
Event: 14.051 GC heap after
{Heap after GC invocations=422 (full 3):
 PSYoungGen      total 8192K, used 8174K [0x00000000eab00000, 0x00000000eb580000, 0x0000000100000000)
  eden space 5632K, 100% used [0x00000000eab00000,0x00000000eb080000,0x00000000eb080000)
  from space 2560K, 99% used [0x00000000eb300000,0x00000000eb57bb78,0x00000000eb580000)
  to   space 2560K, 99% used [0x00000000eb080000,0x00000000eb2ffcc8,0x00000000eb300000)
 ParOldGen       total 358400K, used 358089K [0x00000000c0000000, 0x00000000d5e00000, 0x00000000eab00000)
  object space 358400K, 99% used [0x00000000c0000000,0x00000000d5db27b0,0x00000000d5e00000)
 Metaspace       used 61630K, committed 62976K, reserved 1114112K
  class space    used 6273K, committed 6848K, reserved 1048576K
}
Event: 14.051 GC heap before
{Heap before GC invocations=423 (full 4):
 PSYoungGen      total 8192K, used 8174K [0x00000000eab00000, 0x00000000eb580000, 0x0000000100000000)
  eden space 5632K, 100% used [0x00000000eab00000,0x00000000eb080000,0x00000000eb080000)
  from space 2560K, 99% used [0x00000000eb300000,0x00000000eb57bb78,0x00000000eb580000)
  to   space 2560K, 99% used [0x00000000eb080000,0x00000000eb2ffcc8,0x00000000eb300000)
 ParOldGen       total 358400K, used 358089K [0x00000000c0000000, 0x00000000d5e00000, 0x00000000eab00000)
  object space 358400K, 99% used [0x00000000c0000000,0x00000000d5db27b0,0x00000000d5e00000)
 Metaspace       used 61630K, committed 62976K, reserved 1114112K
  class space    used 6273K, committed 6848K, reserved 1048576K
}
Event: 14.675 GC heap after
{Heap after GC invocations=423 (full 4):
 PSYoungGen      total 8192K, used 0K [0x00000000eab00000, 0x00000000eb600000, 0x0000000100000000)
  eden space 5632K, 0% used [0x00000000eab00000,0x00000000eab00000,0x00000000eb080000)
  from space 2560K, 0% used [0x00000000eb080000,0x00000000eb080000,0x00000000eb300000)
  to   space 2560K, 0% used [0x00000000eb380000,0x00000000eb380000,0x00000000eb600000)
 ParOldGen       total 358400K, used 317703K [0x00000000c0000000, 0x00000000d5e00000, 0x00000000eab00000)
  object space 358400K, 88% used [0x00000000c0000000,0x00000000d3641f40,0x00000000d5e00000)
 Metaspace       used 61630K, committed 62976K, reserved 1114112K
  class space    used 6273K, committed 6848K, reserved 1048576K
}

