# JRE version: OpenJDK Runtime Environment Temurin-21.0.6+7 (21.0.6+7) (build 21.0.6+7-LTS)
# Java VM: OpenJDK 64-Bit Server VM Temurin-21.0.6+7 (21.0.6+7-LTS, mixed mode, sharing, tiered, compressed oops, compressed class ptrs, parallel gc, windows-amd64)
GC Precious Log:
 CardTable entry size: 512
 CPUs: 12 total, 12 available
 Memory: 7893M
 Large Page Support: Disabled
 NUMA Support: Disabled
 Compressed Oops: Enabled (32-bit)
 Alignments: Space 512K, Generation 512K, Heap 2M
 Heap Min Capacity: 100M
 Heap Initial Capacity: 100M
 Heap Max Capacity: 1G
 Pre-touch: Disabled
 Parallel Workers: 10
Heap:
 PSYoungGen      total 23040K, used 13069K [0x00000000eab00000, 0x00000000ec780000, 0x0000000100000000)
  eden space 17920K, 44% used [0x00000000eab00000,0x00000000eb2c69e8,0x00000000ebc80000)
  from space 5120K, 99% used [0x00000000ebd80000,0x00000000ec27ca70,0x00000000ec280000)
  to   space 4096K, 0% used [0x00000000ec380000,0x00000000ec380000,0x00000000ec780000)
 ParOldGen       total 214016K, used 213836K [0x00000000c0000000, 0x00000000cd100000, 0x00000000eab00000)
  object space 214016K, 99% used [0x00000000c0000000,0x00000000cd0d3140,0x00000000cd100000)
 Metaspace       used 57790K, committed 59072K, reserved 1114112K
  class space    used 5879K, committed 6464K, reserved 1048576K
GC Heap History (20 events):
Event: 12.875 GC heap before
{Heap before GC invocations=105 (full 3):
 PSYoungGen      total 12800K, used 12763K [0x00000000eab00000, 0x00000000ebd00000, 0x0000000100000000)
  eden space 9216K, 99% used [0x00000000eab00000,0x00000000eb3fc468,0x00000000eb400000)
  from space 3584K, 99% used [0x00000000eb680000,0x00000000eb9faac0,0x00000000eba00000)
  to   space 3072K, 0% used [0x00000000eba00000,0x00000000eba00000,0x00000000ebd00000)
 ParOldGen       total 197632K, used 186714K [0x00000000c0000000, 0x00000000cc100000, 0x00000000eab00000)
  object space 197632K, 94% used [0x00000000c0000000,0x00000000cb6569b8,0x00000000cc100000)
 Metaspace       used 56801K, committed 58048K, reserved 1114112K
  class space    used 5831K, committed 6400K, reserved 1048576K
}
Event: 12.880 GC heap after
{Heap after GC invocations=105 (full 3):
 PSYoungGen      total 12288K, used 1979K [0x00000000eab00000, 0x00000000ebc00000, 0x0000000100000000)
  eden space 10240K, 0% used [0x00000000eab00000,0x00000000eab00000,0x00000000eb500000)
  from space 2048K, 96% used [0x00000000eba00000,0x00000000ebbeee58,0x00000000ebc00000)
  to   space 3072K, 0% used [0x00000000eb600000,0x00000000eb600000,0x00000000eb900000)
 ParOldGen       total 197632K, used 190221K [0x00000000c0000000, 0x00000000cc100000, 0x00000000eab00000)
  object space 197632K, 96% used [0x00000000c0000000,0x00000000cb9c36d0,0x00000000cc100000)
 Metaspace       used 56801K, committed 58048K, reserved 1114112K
  class space    used 5831K, committed 6400K, reserved 1048576K
}
Event: 12.916 GC heap before
{Heap before GC invocations=106 (full 3):
 PSYoungGen      total 12288K, used 12219K [0x00000000eab00000, 0x00000000ebc00000, 0x0000000100000000)
  eden space 10240K, 100% used [0x00000000eab00000,0x00000000eb500000,0x00000000eb500000)
  from space 2048K, 96% used [0x00000000eba00000,0x00000000ebbeee58,0x00000000ebc00000)
  to   space 3072K, 0% used [0x00000000eb600000,0x00000000eb600000,0x00000000eb900000)
 ParOldGen       total 197632K, used 190221K [0x00000000c0000000, 0x00000000cc100000, 0x00000000eab00000)
  object space 197632K, 96% used [0x00000000c0000000,0x00000000cb9c36d0,0x00000000cc100000)
 Metaspace       used 56856K, committed 58112K, reserved 1114112K
  class space    used 5831K, committed 6400K, reserved 1048576K
}
Event: 12.921 GC heap after
{Heap after GC invocations=106 (full 3):
 PSYoungGen      total 14336K, used 3044K [0x00000000eab00000, 0x00000000ebf00000, 0x0000000100000000)
  eden space 11264K, 0% used [0x00000000eab00000,0x00000000eab00000,0x00000000eb600000)
  from space 3072K, 99% used [0x00000000eb600000,0x00000000eb8f91b8,0x00000000eb900000)
  to   space 4608K, 0% used [0x00000000eba80000,0x00000000eba80000,0x00000000ebf00000)
 ParOldGen       total 197632K, used 191331K [0x00000000c0000000, 0x00000000cc100000, 0x00000000eab00000)
  object space 197632K, 96% used [0x00000000c0000000,0x00000000cbad8de0,0x00000000cc100000)
 Metaspace       used 56856K, committed 58112K, reserved 1114112K
  class space    used 5831K, committed 6400K, reserved 1048576K
}
Event: 12.955 GC heap before
{Heap before GC invocations=107 (full 3):
 PSYoungGen      total 14336K, used 14308K [0x00000000eab00000, 0x00000000ebf00000, 0x0000000100000000)
  eden space 11264K, 100% used [0x00000000eab00000,0x00000000eb600000,0x00000000eb600000)
  from space 3072K, 99% used [0x00000000eb600000,0x00000000eb8f91b8,0x00000000eb900000)
  to   space 4608K, 0% used [0x00000000eba80000,0x00000000eba80000,0x00000000ebf00000)
 ParOldGen       total 197632K, used 191331K [0x00000000c0000000, 0x00000000cc100000, 0x00000000eab00000)
  object space 197632K, 96% used [0x00000000c0000000,0x00000000cbad8de0,0x00000000cc100000)
 Metaspace       used 56941K, committed 58176K, reserved 1114112K
  class space    used 5831K, committed 6400K, reserved 1048576K
}
Event: 12.962 GC heap after
{Heap after GC invocations=107 (full 3):
 PSYoungGen      total 16384K, used 2643K [0x00000000eab00000, 0x00000000ebe80000, 0x0000000100000000)
  eden space 12288K, 0% used [0x00000000eab00000,0x00000000eab00000,0x00000000eb700000)
  from space 4096K, 64% used [0x00000000eba80000,0x00000000ebd14de8,0x00000000ebe80000)
  to   space 3584K, 0% used [0x00000000eb700000,0x00000000eb700000,0x00000000eba80000)
 ParOldGen       total 197632K, used 194401K [0x00000000c0000000, 0x00000000cc100000, 0x00000000eab00000)
  object space 197632K, 98% used [0x00000000c0000000,0x00000000cbdd8650,0x00000000cc100000)
 Metaspace       used 56941K, committed 58176K, reserved 1114112K
  class space    used 5831K, committed 6400K, reserved 1048576K
}
Event: 13.008 GC heap before
{Heap before GC invocations=108 (full 3):
 PSYoungGen      total 16384K, used 14853K [0x00000000eab00000, 0x00000000ebe80000, 0x0000000100000000)
  eden space 12288K, 99% used [0x00000000eab00000,0x00000000eb6ec878,0x00000000eb700000)
  from space 4096K, 64% used [0x00000000eba80000,0x00000000ebd14de8,0x00000000ebe80000)
  to   space 3584K, 0% used [0x00000000eb700000,0x00000000eb700000,0x00000000eba80000)
 ParOldGen       total 197632K, used 194401K [0x00000000c0000000, 0x00000000cc100000, 0x00000000eab00000)
  object space 197632K, 98% used [0x00000000c0000000,0x00000000cbdd8650,0x00000000cc100000)
 Metaspace       used 57007K, committed 58304K, reserved 1114112K
  class space    used 5831K, committed 6400K, reserved 1048576K
}
Event: 13.012 GC heap after
{Heap after GC invocations=108 (full 3):
 PSYoungGen      total 15872K, used 3561K [0x00000000eab00000, 0x00000000ec380000, 0x0000000100000000)
  eden space 12288K, 0% used [0x00000000eab00000,0x00000000eab00000,0x00000000eb700000)
  from space 3584K, 99% used [0x00000000eb700000,0x00000000eba7a7d0,0x00000000eba80000)
  to   space 5632K, 0% used [0x00000000ebe00000,0x00000000ebe00000,0x00000000ec380000)
 ParOldGen       total 197632K, used 196015K [0x00000000c0000000, 0x00000000cc100000, 0x00000000eab00000)
  object space 197632K, 99% used [0x00000000c0000000,0x00000000cbf6bd98,0x00000000cc100000)
 Metaspace       used 57007K, committed 58304K, reserved 1114112K
  class space    used 5831K, committed 6400K, reserved 1048576K
}
Event: 13.057 GC heap before
{Heap before GC invocations=109 (full 3):
 PSYoungGen      total 15872K, used 15849K [0x00000000eab00000, 0x00000000ec380000, 0x0000000100000000)
  eden space 12288K, 100% used [0x00000000eab00000,0x00000000eb700000,0x00000000eb700000)
  from space 3584K, 99% used [0x00000000eb700000,0x00000000eba7a7d0,0x00000000eba80000)
  to   space 5632K, 0% used [0x00000000ebe00000,0x00000000ebe00000,0x00000000ec380000)
 ParOldGen       total 197632K, used 196015K [0x00000000c0000000, 0x00000000cc100000, 0x00000000eab00000)
  object space 197632K, 99% used [0x00000000c0000000,0x00000000cbf6bd98,0x00000000cc100000)
 Metaspace       used 57045K, committed 58368K, reserved 1114112K
  class space    used 5831K, committed 6400K, reserved 1048576K
}
Event: 13.061 GC heap after
{Heap after GC invocations=109 (full 3):
 PSYoungGen      total 16896K, used 2838K [0x00000000eab00000, 0x00000000ec100000, 0x0000000100000000)
  eden space 13824K, 0% used [0x00000000eab00000,0x00000000eab00000,0x00000000eb880000)
  from space 3072K, 92% used [0x00000000ebe00000,0x00000000ec0c5828,0x00000000ec100000)
  to   space 4096K, 0% used [0x00000000eb900000,0x00000000eb900000,0x00000000ebd00000)
 ParOldGen       total 199680K, used 199380K [0x00000000c0000000, 0x00000000cc300000, 0x00000000eab00000)
  object space 199680K, 99% used [0x00000000c0000000,0x00000000cc2b5068,0x00000000cc300000)
 Metaspace       used 57045K, committed 58368K, reserved 1114112K
  class space    used 5831K, committed 6400K, reserved 1048576K
}
Event: 13.111 GC heap before
{Heap before GC invocations=110 (full 3):
 PSYoungGen      total 16896K, used 16662K [0x00000000eab00000, 0x00000000ec100000, 0x0000000100000000)
  eden space 13824K, 100% used [0x00000000eab00000,0x00000000eb880000,0x00000000eb880000)
  from space 3072K, 92% used [0x00000000ebe00000,0x00000000ec0c5828,0x00000000ec100000)
  to   space 4096K, 0% used [0x00000000eb900000,0x00000000eb900000,0x00000000ebd00000)
 ParOldGen       total 199680K, used 199380K [0x00000000c0000000, 0x00000000cc300000, 0x00000000eab00000)
  object space 199680K, 99% used [0x00000000c0000000,0x00000000cc2b5068,0x00000000cc300000)
 Metaspace       used 57123K, committed 58432K, reserved 1114112K
  class space    used 5831K, committed 6400K, reserved 1048576K
}
Event: 13.115 GC heap after
{Heap after GC invocations=110 (full 3):
 PSYoungGen      total 18432K, used 4086K [0x00000000eab00000, 0x00000000ec700000, 0x0000000100000000)
  eden space 14336K, 0% used [0x00000000eab00000,0x00000000eab00000,0x00000000eb900000)
  from space 4096K, 99% used [0x00000000eb900000,0x00000000ebcfd8d0,0x00000000ebd00000)
  to   space 6656K, 0% used [0x00000000ec080000,0x00000000ec080000,0x00000000ec700000)
 ParOldGen       total 201216K, used 201038K [0x00000000c0000000, 0x00000000cc480000, 0x00000000eab00000)
  object space 201216K, 99% used [0x00000000c0000000,0x00000000cc453960,0x00000000cc480000)
 Metaspace       used 57123K, committed 58432K, reserved 1114112K
  class space    used 5831K, committed 6400K, reserved 1048576K
}
Event: 13.195 GC heap before
{Heap before GC invocations=111 (full 3):
 PSYoungGen      total 18432K, used 18422K [0x00000000eab00000, 0x00000000ec700000, 0x0000000100000000)
  eden space 14336K, 100% used [0x00000000eab00000,0x00000000eb900000,0x00000000eb900000)
  from space 4096K, 99% used [0x00000000eb900000,0x00000000ebcfd8d0,0x00000000ebd00000)
  to   space 6656K, 0% used [0x00000000ec080000,0x00000000ec080000,0x00000000ec700000)
 ParOldGen       total 201216K, used 201038K [0x00000000c0000000, 0x00000000cc480000, 0x00000000eab00000)
  object space 201216K, 99% used [0x00000000c0000000,0x00000000cc453960,0x00000000cc480000)
 Metaspace       used 57232K, committed 58560K, reserved 1114112K
  class space    used 5838K, committed 6400K, reserved 1048576K
}
Event: 13.201 GC heap after
{Heap after GC invocations=111 (full 3):
 PSYoungGen      total 19456K, used 3181K [0x00000000eab00000, 0x00000000ec400000, 0x0000000100000000)
  eden space 15872K, 0% used [0x00000000eab00000,0x00000000eab00000,0x00000000eba80000)
  from space 3584K, 88% used [0x00000000ec080000,0x00000000ec39b7e0,0x00000000ec400000)
  to   space 4608K, 0% used [0x00000000ebb00000,0x00000000ebb00000,0x00000000ebf80000)
 ParOldGen       total 205312K, used 204973K [0x00000000c0000000, 0x00000000cc880000, 0x00000000eab00000)
  object space 205312K, 99% used [0x00000000c0000000,0x00000000cc82b408,0x00000000cc880000)
 Metaspace       used 57232K, committed 58560K, reserved 1114112K
  class space    used 5838K, committed 6400K, reserved 1048576K
}
Event: 13.257 GC heap before
{Heap before GC invocations=112 (full 3):
 PSYoungGen      total 19456K, used 19053K [0x00000000eab00000, 0x00000000ec400000, 0x0000000100000000)
  eden space 15872K, 100% used [0x00000000eab00000,0x00000000eba80000,0x00000000eba80000)
  from space 3584K, 88% used [0x00000000ec080000,0x00000000ec39b7e0,0x00000000ec400000)
  to   space 4608K, 0% used [0x00000000ebb00000,0x00000000ebb00000,0x00000000ebf80000)
 ParOldGen       total 205312K, used 204973K [0x00000000c0000000, 0x00000000cc880000, 0x00000000eab00000)
  object space 205312K, 99% used [0x00000000c0000000,0x00000000cc82b408,0x00000000cc880000)
 Metaspace       used 57426K, committed 58688K, reserved 1114112K
  class space    used 5859K, committed 6400K, reserved 1048576K
}
Event: 13.261 GC heap after
{Heap after GC invocations=112 (full 3):
 PSYoungGen      total 20992K, used 4585K [0x00000000eab00000, 0x00000000ecb00000, 0x0000000100000000)
  eden space 16384K, 0% used [0x00000000eab00000,0x00000000eab00000,0x00000000ebb00000)
  from space 4608K, 99% used [0x00000000ebb00000,0x00000000ebf7a630,0x00000000ebf80000)
  to   space 7680K, 0% used [0x00000000ec380000,0x00000000ec380000,0x00000000ecb00000)
 ParOldGen       total 207360K, used 207142K [0x00000000c0000000, 0x00000000cca80000, 0x00000000eab00000)
  object space 207360K, 99% used [0x00000000c0000000,0x00000000cca49bd8,0x00000000cca80000)
 Metaspace       used 57426K, committed 58688K, reserved 1114112K
  class space    used 5859K, committed 6400K, reserved 1048576K
}
Event: 13.446 GC heap before
{Heap before GC invocations=113 (full 3):
 PSYoungGen      total 20992K, used 20969K [0x00000000eab00000, 0x00000000ecb00000, 0x0000000100000000)
  eden space 16384K, 100% used [0x00000000eab00000,0x00000000ebb00000,0x00000000ebb00000)
  from space 4608K, 99% used [0x00000000ebb00000,0x00000000ebf7a630,0x00000000ebf80000)
  to   space 7680K, 0% used [0x00000000ec380000,0x00000000ec380000,0x00000000ecb00000)
 ParOldGen       total 207360K, used 207142K [0x00000000c0000000, 0x00000000cca80000, 0x00000000eab00000)
  object space 207360K, 99% used [0x00000000c0000000,0x00000000cca49bd8,0x00000000cca80000)
 Metaspace       used 57651K, committed 59008K, reserved 1114112K
  class space    used 5876K, committed 6464K, reserved 1048576K
}
Event: 13.465 GC heap after
{Heap after GC invocations=113 (full 3):
 PSYoungGen      total 22016K, used 3659K [0x00000000eab00000, 0x00000000ec780000, 0x0000000100000000)
  eden space 17920K, 0% used [0x00000000eab00000,0x00000000eab00000,0x00000000ebc80000)
  from space 4096K, 89% used [0x00000000ec380000,0x00000000ec712c80,0x00000000ec780000)
  to   space 5120K, 0% used [0x00000000ebd80000,0x00000000ebd80000,0x00000000ec280000)
 ParOldGen       total 211968K, used 211625K [0x00000000c0000000, 0x00000000ccf00000, 0x00000000eab00000)
  object space 211968K, 99% used [0x00000000c0000000,0x00000000cceaa550,0x00000000ccf00000)
 Metaspace       used 57651K, committed 59008K, reserved 1114112K
  class space    used 5876K, committed 6464K, reserved 1048576K
}
Event: 13.576 GC heap before
{Heap before GC invocations=114 (full 3):
 PSYoungGen      total 22016K, used 21579K [0x00000000eab00000, 0x00000000ec780000, 0x0000000100000000)
  eden space 17920K, 100% used [0x00000000eab00000,0x00000000ebc80000,0x00000000ebc80000)
  from space 4096K, 89% used [0x00000000ec380000,0x00000000ec712c80,0x00000000ec780000)
  to   space 5120K, 0% used [0x00000000ebd80000,0x00000000ebd80000,0x00000000ec280000)
 ParOldGen       total 211968K, used 211625K [0x00000000c0000000, 0x00000000ccf00000, 0x00000000eab00000)
  object space 211968K, 99% used [0x00000000c0000000,0x00000000cceaa550,0x00000000ccf00000)
 Metaspace       used 57737K, committed 59072K, reserved 1114112K
  class space    used 5878K, committed 6464K, reserved 1048576K
}
Event: 13.584 GC heap after
{Heap after GC invocations=114 (full 3):
 PSYoungGen      total 23040K, used 5106K [0x00000000eab00000, 0x00000000ec780000, 0x0000000100000000)
  eden space 17920K, 0% used [0x00000000eab00000,0x00000000eab00000,0x00000000ebc80000)
  from space 5120K, 99% used [0x00000000ebd80000,0x00000000ec27ca70,0x00000000ec280000)
  to   space 4096K, 0% used [0x00000000ec380000,0x00000000ec380000,0x00000000ec780000)
 ParOldGen       total 214016K, used 213836K [0x00000000c0000000, 0x00000000cd100000, 0x00000000eab00000)
  object space 214016K, 99% used [0x00000000c0000000,0x00000000cd0d3140,0x00000000cd100000)
 Metaspace       used 57737K, committed 59072K, reserved 1114112K
  class space    used 5878K, committed 6464K, reserved 1048576K
}

