# JRE version: OpenJDK Runtime Environment Temurin-21.0.6+7 (21.0.6+7) (build 21.0.6+7-LTS)
# Java VM: OpenJDK 64-Bit Server VM Temurin-21.0.6+7 (21.0.6+7-LTS, mixed mode, sharing, tiered, compressed oops, compressed class ptrs, parallel gc, windows-amd64)
GC Precious Log:
 CardTable entry size: 512
 CPUs: 12 total, 12 available
 Memory: 7893M
 Large Page Support: Disabled
 NUMA Support: Disabled
 Compressed Oops: Enabled (32-bit)
 Alignments: Space 512K, Generation 512K, Heap 2M
 Heap Min Capacity: 100M
 Heap Initial Capacity: 100M
 Heap Max Capacity: 1G
 Pre-touch: Disabled
 Parallel Workers: 10
Heap:
 PSYoungGen      total 6656K, used 6615K [0x00000000eab00000, 0x00000000eb400000, 0x0000000100000000)
  eden space 5120K, 100% used [0x00000000eab00000,0x00000000eb000000,0x00000000eb000000)
  from space 1536K, 97% used [0x00000000eb000000,0x00000000eb175fb8,0x00000000eb180000)
  to   space 2048K, 69% used [0x00000000eb200000,0x00000000eb3625f8,0x00000000eb400000)
 ParOldGen       total 174080K, used 173650K [0x00000000c0000000, 0x00000000caa00000, 0x00000000eab00000)
  object space 174080K, 99% used [0x00000000c0000000,0x00000000ca994840,0x00000000caa00000)
 Metaspace       used 54880K, committed 56064K, reserved 1114112K
  class space    used 5672K, committed 6208K, reserved 1048576K
GC Heap History (20 events):
Event: 14.815 GC heap after
{Heap after GC invocations=97 (full 2):
 PSYoungGen      total 7168K, used 1092K [0x00000000eab00000, 0x00000000eb380000, 0x0000000100000000)
  eden space 5632K, 0% used [0x00000000eab00000,0x00000000eab00000,0x00000000eb080000)
  from space 1536K, 71% used [0x00000000eb100000,0x00000000eb211370,0x00000000eb280000)
  to   space 1024K, 0% used [0x00000000eb280000,0x00000000eb280000,0x00000000eb380000)
 ParOldGen       total 163840K, used 163416K [0x00000000c0000000, 0x00000000ca000000, 0x00000000eab00000)
  object space 163840K, 99% used [0x00000000c0000000,0x00000000c9f96080,0x00000000ca000000)
 Metaspace       used 54250K, committed 55424K, reserved 1114112K
  class space    used 5611K, committed 6144K, reserved 1048576K
}
Event: 14.826 GC heap before
{Heap before GC invocations=98 (full 2):
 PSYoungGen      total 7168K, used 6713K [0x00000000eab00000, 0x00000000eb380000, 0x0000000100000000)
  eden space 5632K, 99% used [0x00000000eab00000,0x00000000eb07d1b8,0x00000000eb080000)
  from space 1536K, 71% used [0x00000000eb100000,0x00000000eb211370,0x00000000eb280000)
  to   space 1024K, 0% used [0x00000000eb280000,0x00000000eb280000,0x00000000eb380000)
 ParOldGen       total 163840K, used 163416K [0x00000000c0000000, 0x00000000ca000000, 0x00000000eab00000)
  object space 163840K, 99% used [0x00000000c0000000,0x00000000c9f96080,0x00000000ca000000)
 Metaspace       used 54499K, committed 55680K, reserved 1114112K
  class space    used 5641K, committed 6208K, reserved 1048576K
}
Event: 14.828 GC heap after
{Heap after GC invocations=98 (full 2):
 PSYoungGen      total 6144K, used 1002K [0x00000000eab00000, 0x00000000eb580000, 0x0000000100000000)
  eden space 5120K, 0% used [0x00000000eab00000,0x00000000eab00000,0x00000000eb000000)
  from space 1024K, 97% used [0x00000000eb280000,0x00000000eb37aac0,0x00000000eb380000)
  to   space 2560K, 0% used [0x00000000eb000000,0x00000000eb000000,0x00000000eb280000)
 ParOldGen       total 164864K, used 164397K [0x00000000c0000000, 0x00000000ca100000, 0x00000000eab00000)
  object space 164864K, 99% used [0x00000000c0000000,0x00000000ca08b4d0,0x00000000ca100000)
 Metaspace       used 54499K, committed 55680K, reserved 1114112K
  class space    used 5641K, committed 6208K, reserved 1048576K
}
Event: 14.844 GC heap before
{Heap before GC invocations=99 (full 2):
 PSYoungGen      total 6144K, used 6122K [0x00000000eab00000, 0x00000000eb580000, 0x0000000100000000)
  eden space 5120K, 100% used [0x00000000eab00000,0x00000000eb000000,0x00000000eb000000)
  from space 1024K, 97% used [0x00000000eb280000,0x00000000eb37aac0,0x00000000eb380000)
  to   space 2560K, 0% used [0x00000000eb000000,0x00000000eb000000,0x00000000eb280000)
 ParOldGen       total 164864K, used 164397K [0x00000000c0000000, 0x00000000ca100000, 0x00000000eab00000)
  object space 164864K, 99% used [0x00000000c0000000,0x00000000ca08b4d0,0x00000000ca100000)
 Metaspace       used 54754K, committed 55936K, reserved 1114112K
  class space    used 5662K, committed 6208K, reserved 1048576K
}
Event: 14.846 GC heap after
{Heap after GC invocations=99 (full 2):
 PSYoungGen      total 6144K, used 1024K [0x00000000eab00000, 0x00000000eb300000, 0x0000000100000000)
  eden space 5120K, 0% used [0x00000000eab00000,0x00000000eab00000,0x00000000eb000000)
  from space 1024K, 100% used [0x00000000eb000000,0x00000000eb100000,0x00000000eb100000)
  to   space 1536K, 0% used [0x00000000eb180000,0x00000000eb180000,0x00000000eb300000)
 ParOldGen       total 165376K, used 165308K [0x00000000c0000000, 0x00000000ca180000, 0x00000000eab00000)
  object space 165376K, 99% used [0x00000000c0000000,0x00000000ca16f2b0,0x00000000ca180000)
 Metaspace       used 54754K, committed 55936K, reserved 1114112K
  class space    used 5662K, committed 6208K, reserved 1048576K
}
Event: 14.861 GC heap before
{Heap before GC invocations=100 (full 2):
 PSYoungGen      total 6144K, used 6144K [0x00000000eab00000, 0x00000000eb300000, 0x0000000100000000)
  eden space 5120K, 100% used [0x00000000eab00000,0x00000000eb000000,0x00000000eb000000)
  from space 1024K, 100% used [0x00000000eb000000,0x00000000eb100000,0x00000000eb100000)
  to   space 1536K, 0% used [0x00000000eb180000,0x00000000eb180000,0x00000000eb300000)
 ParOldGen       total 165376K, used 165308K [0x00000000c0000000, 0x00000000ca180000, 0x00000000eab00000)
  object space 165376K, 99% used [0x00000000c0000000,0x00000000ca16f2b0,0x00000000ca180000)
 Metaspace       used 54777K, committed 56000K, reserved 1114112K
  class space    used 5666K, committed 6208K, reserved 1048576K
}
Event: 14.862 GC heap after
{Heap after GC invocations=100 (full 2):
 PSYoungGen      total 6656K, used 1292K [0x00000000eab00000, 0x00000000eb300000, 0x0000000100000000)
  eden space 5120K, 0% used [0x00000000eab00000,0x00000000eab00000,0x00000000eb000000)
  from space 1536K, 84% used [0x00000000eb180000,0x00000000eb2c30a8,0x00000000eb300000)
  to   space 1536K, 0% used [0x00000000eb000000,0x00000000eb000000,0x00000000eb180000)
 ParOldGen       total 166400K, used 166217K [0x00000000c0000000, 0x00000000ca280000, 0x00000000eab00000)
  object space 166400K, 99% used [0x00000000c0000000,0x00000000ca2526a8,0x00000000ca280000)
 Metaspace       used 54777K, committed 56000K, reserved 1114112K
  class space    used 5666K, committed 6208K, reserved 1048576K
}
Event: 14.885 GC heap before
{Heap before GC invocations=101 (full 2):
 PSYoungGen      total 6656K, used 6412K [0x00000000eab00000, 0x00000000eb300000, 0x0000000100000000)
  eden space 5120K, 100% used [0x00000000eab00000,0x00000000eb000000,0x00000000eb000000)
  from space 1536K, 84% used [0x00000000eb180000,0x00000000eb2c30a8,0x00000000eb300000)
  to   space 1536K, 0% used [0x00000000eb000000,0x00000000eb000000,0x00000000eb180000)
 ParOldGen       total 166400K, used 166217K [0x00000000c0000000, 0x00000000ca280000, 0x00000000eab00000)
  object space 166400K, 99% used [0x00000000c0000000,0x00000000ca2526a8,0x00000000ca280000)
 Metaspace       used 54784K, committed 56000K, reserved 1114112K
  class space    used 5666K, committed 6208K, reserved 1048576K
}
Event: 14.888 GC heap after
{Heap after GC invocations=101 (full 2):
 PSYoungGen      total 6656K, used 1289K [0x00000000eab00000, 0x00000000eb300000, 0x0000000100000000)
  eden space 5120K, 0% used [0x00000000eab00000,0x00000000eab00000,0x00000000eb000000)
  from space 1536K, 83% used [0x00000000eb000000,0x00000000eb142548,0x00000000eb180000)
  to   space 1536K, 0% used [0x00000000eb180000,0x00000000eb180000,0x00000000eb300000)
 ParOldGen       total 167424K, used 167342K [0x00000000c0000000, 0x00000000ca380000, 0x00000000eab00000)
  object space 167424K, 99% used [0x00000000c0000000,0x00000000ca36b878,0x00000000ca380000)
 Metaspace       used 54784K, committed 56000K, reserved 1114112K
  class space    used 5666K, committed 6208K, reserved 1048576K
}
Event: 14.914 GC heap before
{Heap before GC invocations=102 (full 2):
 PSYoungGen      total 6656K, used 6409K [0x00000000eab00000, 0x00000000eb300000, 0x0000000100000000)
  eden space 5120K, 100% used [0x00000000eab00000,0x00000000eb000000,0x00000000eb000000)
  from space 1536K, 83% used [0x00000000eb000000,0x00000000eb142548,0x00000000eb180000)
  to   space 1536K, 0% used [0x00000000eb180000,0x00000000eb180000,0x00000000eb300000)
 ParOldGen       total 167424K, used 167342K [0x00000000c0000000, 0x00000000ca380000, 0x00000000eab00000)
  object space 167424K, 99% used [0x00000000c0000000,0x00000000ca36b878,0x00000000ca380000)
 Metaspace       used 54794K, committed 56000K, reserved 1114112K
  class space    used 5667K, committed 6208K, reserved 1048576K
}
Event: 14.916 GC heap after
{Heap after GC invocations=102 (full 2):
 PSYoungGen      total 6656K, used 1388K [0x00000000eab00000, 0x00000000eb300000, 0x0000000100000000)
  eden space 5120K, 0% used [0x00000000eab00000,0x00000000eab00000,0x00000000eb000000)
  from space 1536K, 90% used [0x00000000eb180000,0x00000000eb2db1b8,0x00000000eb300000)
  to   space 1536K, 0% used [0x00000000eb000000,0x00000000eb000000,0x00000000eb180000)
 ParOldGen       total 168960K, used 168496K [0x00000000c0000000, 0x00000000ca500000, 0x00000000eab00000)
  object space 168960K, 99% used [0x00000000c0000000,0x00000000ca48c190,0x00000000ca500000)
 Metaspace       used 54794K, committed 56000K, reserved 1114112K
  class space    used 5667K, committed 6208K, reserved 1048576K
}
Event: 14.942 GC heap before
{Heap before GC invocations=103 (full 2):
 PSYoungGen      total 6656K, used 6508K [0x00000000eab00000, 0x00000000eb300000, 0x0000000100000000)
  eden space 5120K, 100% used [0x00000000eab00000,0x00000000eb000000,0x00000000eb000000)
  from space 1536K, 90% used [0x00000000eb180000,0x00000000eb2db1b8,0x00000000eb300000)
  to   space 1536K, 0% used [0x00000000eb000000,0x00000000eb000000,0x00000000eb180000)
 ParOldGen       total 168960K, used 168496K [0x00000000c0000000, 0x00000000ca500000, 0x00000000eab00000)
  object space 168960K, 99% used [0x00000000c0000000,0x00000000ca48c190,0x00000000ca500000)
 Metaspace       used 54795K, committed 56000K, reserved 1114112K
  class space    used 5667K, committed 6208K, reserved 1048576K
}
Event: 14.944 GC heap after
{Heap after GC invocations=103 (full 2):
 PSYoungGen      total 6656K, used 1515K [0x00000000eab00000, 0x00000000eb300000, 0x0000000100000000)
  eden space 5120K, 0% used [0x00000000eab00000,0x00000000eab00000,0x00000000eb000000)
  from space 1536K, 98% used [0x00000000eb000000,0x00000000eb17ad70,0x00000000eb180000)
  to   space 1536K, 0% used [0x00000000eb180000,0x00000000eb180000,0x00000000eb300000)
 ParOldGen       total 169984K, used 169712K [0x00000000c0000000, 0x00000000ca600000, 0x00000000eab00000)
  object space 169984K, 99% used [0x00000000c0000000,0x00000000ca5bc328,0x00000000ca600000)
 Metaspace       used 54795K, committed 56000K, reserved 1114112K
  class space    used 5667K, committed 6208K, reserved 1048576K
}
Event: 15.017 GC heap before
{Heap before GC invocations=104 (full 2):
 PSYoungGen      total 6656K, used 6635K [0x00000000eab00000, 0x00000000eb300000, 0x0000000100000000)
  eden space 5120K, 100% used [0x00000000eab00000,0x00000000eb000000,0x00000000eb000000)
  from space 1536K, 98% used [0x00000000eb000000,0x00000000eb17ad70,0x00000000eb180000)
  to   space 1536K, 0% used [0x00000000eb180000,0x00000000eb180000,0x00000000eb300000)
 ParOldGen       total 169984K, used 169712K [0x00000000c0000000, 0x00000000ca600000, 0x00000000eab00000)
  object space 169984K, 99% used [0x00000000c0000000,0x00000000ca5bc328,0x00000000ca600000)
 Metaspace       used 54848K, committed 56000K, reserved 1114112K
  class space    used 5670K, committed 6208K, reserved 1048576K
}
Event: 15.019 GC heap after
{Heap after GC invocations=104 (full 2):
 PSYoungGen      total 6656K, used 1508K [0x00000000eab00000, 0x00000000eb300000, 0x0000000100000000)
  eden space 5120K, 0% used [0x00000000eab00000,0x00000000eab00000,0x00000000eb000000)
  from space 1536K, 98% used [0x00000000eb180000,0x00000000eb2f9240,0x00000000eb300000)
  to   space 1536K, 0% used [0x00000000eb000000,0x00000000eb000000,0x00000000eb180000)
 ParOldGen       total 171520K, used 171054K [0x00000000c0000000, 0x00000000ca780000, 0x00000000eab00000)
  object space 171520K, 99% used [0x00000000c0000000,0x00000000ca70b9a0,0x00000000ca780000)
 Metaspace       used 54848K, committed 56000K, reserved 1114112K
  class space    used 5670K, committed 6208K, reserved 1048576K
}
Event: 15.035 GC heap before
{Heap before GC invocations=105 (full 2):
 PSYoungGen      total 6656K, used 6628K [0x00000000eab00000, 0x00000000eb300000, 0x0000000100000000)
  eden space 5120K, 100% used [0x00000000eab00000,0x00000000eb000000,0x00000000eb000000)
  from space 1536K, 98% used [0x00000000eb180000,0x00000000eb2f9240,0x00000000eb300000)
  to   space 1536K, 0% used [0x00000000eb000000,0x00000000eb000000,0x00000000eb180000)
 ParOldGen       total 171520K, used 171054K [0x00000000c0000000, 0x00000000ca780000, 0x00000000eab00000)
  object space 171520K, 99% used [0x00000000c0000000,0x00000000ca70b9a0,0x00000000ca780000)
 Metaspace       used 54870K, committed 56064K, reserved 1114112K
  class space    used 5672K, committed 6208K, reserved 1048576K
}
Event: 15.038 GC heap after
{Heap after GC invocations=105 (full 2):
 PSYoungGen      total 6656K, used 1495K [0x00000000eab00000, 0x00000000eb400000, 0x0000000100000000)
  eden space 5120K, 0% used [0x00000000eab00000,0x00000000eab00000,0x00000000eb000000)
  from space 1536K, 97% used [0x00000000eb000000,0x00000000eb175fb8,0x00000000eb180000)
  to   space 2048K, 0% used [0x00000000eb200000,0x00000000eb200000,0x00000000eb400000)
 ParOldGen       total 172544K, used 172437K [0x00000000c0000000, 0x00000000ca880000, 0x00000000eab00000)
  object space 172544K, 99% used [0x00000000c0000000,0x00000000ca865718,0x00000000ca880000)
 Metaspace       used 54870K, committed 56064K, reserved 1114112K
  class space    used 5672K, committed 6208K, reserved 1048576K
}
Event: 15.058 GC heap before
{Heap before GC invocations=106 (full 2):
 PSYoungGen      total 6656K, used 6615K [0x00000000eab00000, 0x00000000eb400000, 0x0000000100000000)
  eden space 5120K, 100% used [0x00000000eab00000,0x00000000eb000000,0x00000000eb000000)
  from space 1536K, 97% used [0x00000000eb000000,0x00000000eb175fb8,0x00000000eb180000)
  to   space 2048K, 0% used [0x00000000eb200000,0x00000000eb200000,0x00000000eb400000)
 ParOldGen       total 172544K, used 172437K [0x00000000c0000000, 0x00000000ca880000, 0x00000000eab00000)
  object space 172544K, 99% used [0x00000000c0000000,0x00000000ca865718,0x00000000ca880000)
 Metaspace       used 54880K, committed 56064K, reserved 1114112K
  class space    used 5672K, committed 6208K, reserved 1048576K
}
Event: 15.060 GC heap after
{Heap after GC invocations=106 (full 2):
 PSYoungGen      total 6656K, used 6615K [0x00000000eab00000, 0x00000000eb400000, 0x0000000100000000)
  eden space 5120K, 100% used [0x00000000eab00000,0x00000000eb000000,0x00000000eb000000)
  from space 1536K, 97% used [0x00000000eb000000,0x00000000eb175fb8,0x00000000eb180000)
  to   space 2048K, 69% used [0x00000000eb200000,0x00000000eb3625f8,0x00000000eb400000)
 ParOldGen       total 174080K, used 173650K [0x00000000c0000000, 0x00000000caa00000, 0x00000000eab00000)
  object space 174080K, 99% used [0x00000000c0000000,0x00000000ca994840,0x00000000caa00000)
 Metaspace       used 54880K, committed 56064K, reserved 1114112K
  class space    used 5672K, committed 6208K, reserved 1048576K
}
Event: 15.060 GC heap before
{Heap before GC invocations=107 (full 3):
 PSYoungGen      total 6656K, used 6615K [0x00000000eab00000, 0x00000000eb400000, 0x0000000100000000)
  eden space 5120K, 100% used [0x00000000eab00000,0x00000000eb000000,0x00000000eb000000)
  from space 1536K, 97% used [0x00000000eb000000,0x00000000eb175fb8,0x00000000eb180000)
  to   space 2048K, 69% used [0x00000000eb200000,0x00000000eb3625f8,0x00000000eb400000)
 ParOldGen       total 174080K, used 173650K [0x00000000c0000000, 0x00000000caa00000, 0x00000000eab00000)
  object space 174080K, 99% used [0x00000000c0000000,0x00000000ca994840,0x00000000caa00000)
 Metaspace       used 54880K, committed 56064K, reserved 1114112K
  class space    used 5672K, committed 6208K, reserved 1048576K
}

