# JRE version: OpenJDK Runtime Environment Temurin-21.0.6+7 (21.0.6+7) (build 21.0.6+7-LTS)
# Java VM: OpenJDK 64-Bit Server VM Temurin-21.0.6+7 (21.0.6+7-LTS, mixed mode, sharing, tiered, compressed oops, compressed class ptrs, parallel gc, windows-amd64)
GC Precious Log:
 CardTable entry size: 512
 CPUs: 12 total, 12 available
 Memory: 7893M
 Large Page Support: Disabled
 NUMA Support: Disabled
 Compressed Oops: Enabled (32-bit)
 Alignments: Space 512K, Generation 512K, Heap 2M
 Heap Min Capacity: 100M
 Heap Initial Capacity: 100M
 Heap Max Capacity: 1G
 Pre-touch: Disabled
 Parallel Workers: 10
Heap:
 PSYoungGen      total 8704K, used 8177K [0x00000000eab00000, 0x00000000eb680000, 0x0000000100000000)
  eden space 7168K, 92% used [0x00000000eab00000,0x00000000eb17f418,0x00000000eb200000)
  from space 1536K, 99% used [0x00000000eb500000,0x00000000eb67d3a8,0x00000000eb680000)
  to   space 2048K, 0% used [0x00000000eb300000,0x00000000eb300000,0x00000000eb500000)
 ParOldGen       total 122880K, used 122844K [0x00000000c0000000, 0x00000000c7800000, 0x00000000eab00000)
  object space 122880K, 99% used [0x00000000c0000000,0x00000000c77f7000,0x00000000c7800000)
 Metaspace       used 51334K, committed 52608K, reserved 1114112K
  class space    used 5411K, committed 5952K, reserved 1048576K
GC Heap History (20 events):
Event: 7.535 GC heap before
{Heap before GC invocations=53 (full 2):
 PSYoungGen      total 11264K, used 10856K [0x00000000eab00000, 0x00000000eb880000, 0x0000000100000000)
  eden space 8704K, 100% used [0x00000000eab00000,0x00000000eb380000,0x00000000eb380000)
  from space 2560K, 84% used [0x00000000eb600000,0x00000000eb81a2a8,0x00000000eb880000)
  to   space 2560K, 0% used [0x00000000eb380000,0x00000000eb380000,0x00000000eb600000)
 ParOldGen       total 106496K, used 106102K [0x00000000c0000000, 0x00000000c6800000, 0x00000000eab00000)
  object space 106496K, 99% used [0x00000000c0000000,0x00000000c679d970,0x00000000c6800000)
 Metaspace       used 50597K, committed 51840K, reserved 1114112K
  class space    used 5303K, committed 5824K, reserved 1048576K
}
Event: 7.538 GC heap after
{Heap after GC invocations=53 (full 2):
 PSYoungGen      total 11264K, used 2027K [0x00000000eab00000, 0x00000000eb880000, 0x0000000100000000)
  eden space 8704K, 0% used [0x00000000eab00000,0x00000000eab00000,0x00000000eb380000)
  from space 2560K, 79% used [0x00000000eb380000,0x00000000eb57ac20,0x00000000eb600000)
  to   space 2560K, 0% used [0x00000000eb600000,0x00000000eb600000,0x00000000eb880000)
 ParOldGen       total 108544K, used 108101K [0x00000000c0000000, 0x00000000c6a00000, 0x00000000eab00000)
  object space 108544K, 99% used [0x00000000c0000000,0x00000000c69917e8,0x00000000c6a00000)
 Metaspace       used 50597K, committed 51840K, reserved 1114112K
  class space    used 5303K, committed 5824K, reserved 1048576K
}
Event: 7.583 GC heap before
{Heap before GC invocations=54 (full 2):
 PSYoungGen      total 11264K, used 10731K [0x00000000eab00000, 0x00000000eb880000, 0x0000000100000000)
  eden space 8704K, 100% used [0x00000000eab00000,0x00000000eb380000,0x00000000eb380000)
  from space 2560K, 79% used [0x00000000eb380000,0x00000000eb57ac20,0x00000000eb600000)
  to   space 2560K, 0% used [0x00000000eb600000,0x00000000eb600000,0x00000000eb880000)
 ParOldGen       total 108544K, used 108101K [0x00000000c0000000, 0x00000000c6a00000, 0x00000000eab00000)
  object space 108544K, 99% used [0x00000000c0000000,0x00000000c69917e8,0x00000000c6a00000)
 Metaspace       used 50842K, committed 52096K, reserved 1114112K
  class space    used 5338K, committed 5824K, reserved 1048576K
}
Event: 7.585 GC heap after
{Heap after GC invocations=54 (full 2):
 PSYoungGen      total 10752K, used 1796K [0x00000000eab00000, 0x00000000eb800000, 0x0000000100000000)
  eden space 8704K, 0% used [0x00000000eab00000,0x00000000eab00000,0x00000000eb380000)
  from space 2048K, 87% used [0x00000000eb600000,0x00000000eb7c1158,0x00000000eb800000)
  to   space 2048K, 0% used [0x00000000eb400000,0x00000000eb400000,0x00000000eb600000)
 ParOldGen       total 110080K, used 109906K [0x00000000c0000000, 0x00000000c6b80000, 0x00000000eab00000)
  object space 110080K, 99% used [0x00000000c0000000,0x00000000c6b548b8,0x00000000c6b80000)
 Metaspace       used 50842K, committed 52096K, reserved 1114112K
  class space    used 5338K, committed 5824K, reserved 1048576K
}
Event: 7.624 GC heap before
{Heap before GC invocations=55 (full 2):
 PSYoungGen      total 10752K, used 10500K [0x00000000eab00000, 0x00000000eb800000, 0x0000000100000000)
  eden space 8704K, 100% used [0x00000000eab00000,0x00000000eb380000,0x00000000eb380000)
  from space 2048K, 87% used [0x00000000eb600000,0x00000000eb7c1158,0x00000000eb800000)
  to   space 2048K, 0% used [0x00000000eb400000,0x00000000eb400000,0x00000000eb600000)
 ParOldGen       total 110080K, used 109906K [0x00000000c0000000, 0x00000000c6b80000, 0x00000000eab00000)
  object space 110080K, 99% used [0x00000000c0000000,0x00000000c6b548b8,0x00000000c6b80000)
 Metaspace       used 50900K, committed 52160K, reserved 1114112K
  class space    used 5343K, committed 5888K, reserved 1048576K
}
Event: 7.627 GC heap after
{Heap after GC invocations=55 (full 2):
 PSYoungGen      total 10752K, used 1997K [0x00000000eab00000, 0x00000000eb780000, 0x0000000100000000)
  eden space 8704K, 0% used [0x00000000eab00000,0x00000000eab00000,0x00000000eb380000)
  from space 2048K, 97% used [0x00000000eb400000,0x00000000eb5f3768,0x00000000eb600000)
  to   space 1536K, 0% used [0x00000000eb600000,0x00000000eb600000,0x00000000eb780000)
 ParOldGen       total 111616K, used 111537K [0x00000000c0000000, 0x00000000c6d00000, 0x00000000eab00000)
  object space 111616K, 99% used [0x00000000c0000000,0x00000000c6cec610,0x00000000c6d00000)
 Metaspace       used 50900K, committed 52160K, reserved 1114112K
  class space    used 5343K, committed 5888K, reserved 1048576K
}
Event: 7.653 GC heap before
{Heap before GC invocations=56 (full 2):
 PSYoungGen      total 10752K, used 10701K [0x00000000eab00000, 0x00000000eb780000, 0x0000000100000000)
  eden space 8704K, 100% used [0x00000000eab00000,0x00000000eb380000,0x00000000eb380000)
  from space 2048K, 97% used [0x00000000eb400000,0x00000000eb5f3768,0x00000000eb600000)
  to   space 1536K, 0% used [0x00000000eb600000,0x00000000eb600000,0x00000000eb780000)
 ParOldGen       total 111616K, used 111537K [0x00000000c0000000, 0x00000000c6d00000, 0x00000000eab00000)
  object space 111616K, 99% used [0x00000000c0000000,0x00000000c6cec610,0x00000000c6d00000)
 Metaspace       used 50944K, committed 52224K, reserved 1114112K
  class space    used 5352K, committed 5888K, reserved 1048576K
}
Event: 7.655 GC heap after
{Heap after GC invocations=56 (full 2):
 PSYoungGen      total 8704K, used 1511K [0x00000000eab00000, 0x00000000ebb80000, 0x0000000100000000)
  eden space 7168K, 0% used [0x00000000eab00000,0x00000000eab00000,0x00000000eb200000)
  from space 1536K, 98% used [0x00000000eb600000,0x00000000eb779c40,0x00000000eb780000)
  to   space 4096K, 0% used [0x00000000eb200000,0x00000000eb200000,0x00000000eb600000)
 ParOldGen       total 113664K, used 113486K [0x00000000c0000000, 0x00000000c6f00000, 0x00000000eab00000)
  object space 113664K, 99% used [0x00000000c0000000,0x00000000c6ed3b40,0x00000000c6f00000)
 Metaspace       used 50944K, committed 52224K, reserved 1114112K
  class space    used 5352K, committed 5888K, reserved 1048576K
}
Event: 7.681 GC heap before
{Heap before GC invocations=57 (full 2):
 PSYoungGen      total 8704K, used 8679K [0x00000000eab00000, 0x00000000ebb80000, 0x0000000100000000)
  eden space 7168K, 100% used [0x00000000eab00000,0x00000000eb200000,0x00000000eb200000)
  from space 1536K, 98% used [0x00000000eb600000,0x00000000eb779c40,0x00000000eb780000)
  to   space 4096K, 0% used [0x00000000eb200000,0x00000000eb200000,0x00000000eb600000)
 ParOldGen       total 113664K, used 113486K [0x00000000c0000000, 0x00000000c6f00000, 0x00000000eab00000)
  object space 113664K, 99% used [0x00000000c0000000,0x00000000c6ed3b40,0x00000000c6f00000)
 Metaspace       used 50971K, committed 52224K, reserved 1114112K
  class space    used 5362K, committed 5888K, reserved 1048576K
}
Event: 7.683 GC heap after
{Heap after GC invocations=57 (full 2):
 PSYoungGen      total 9216K, used 1558K [0x00000000eab00000, 0x00000000eb700000, 0x0000000100000000)
  eden space 7168K, 0% used [0x00000000eab00000,0x00000000eab00000,0x00000000eb200000)
  from space 2048K, 76% used [0x00000000eb200000,0x00000000eb385ba8,0x00000000eb400000)
  to   space 2560K, 0% used [0x00000000eb480000,0x00000000eb480000,0x00000000eb700000)
 ParOldGen       total 115200K, used 114989K [0x00000000c0000000, 0x00000000c7080000, 0x00000000eab00000)
  object space 115200K, 99% used [0x00000000c0000000,0x00000000c704b4f0,0x00000000c7080000)
 Metaspace       used 50971K, committed 52224K, reserved 1114112K
  class space    used 5362K, committed 5888K, reserved 1048576K
}
Event: 7.708 GC heap before
{Heap before GC invocations=58 (full 2):
 PSYoungGen      total 9216K, used 8726K [0x00000000eab00000, 0x00000000eb700000, 0x0000000100000000)
  eden space 7168K, 100% used [0x00000000eab00000,0x00000000eb200000,0x00000000eb200000)
  from space 2048K, 76% used [0x00000000eb200000,0x00000000eb385ba8,0x00000000eb400000)
  to   space 2560K, 0% used [0x00000000eb480000,0x00000000eb480000,0x00000000eb700000)
 ParOldGen       total 115200K, used 114989K [0x00000000c0000000, 0x00000000c7080000, 0x00000000eab00000)
  object space 115200K, 99% used [0x00000000c0000000,0x00000000c704b4f0,0x00000000c7080000)
 Metaspace       used 50995K, committed 52224K, reserved 1114112K
  class space    used 5373K, committed 5888K, reserved 1048576K
}
Event: 7.711 GC heap after
{Heap after GC invocations=58 (full 2):
 PSYoungGen      total 8704K, used 1459K [0x00000000eab00000, 0x00000000eb600000, 0x0000000100000000)
  eden space 7168K, 0% used [0x00000000eab00000,0x00000000eab00000,0x00000000eb200000)
  from space 1536K, 95% used [0x00000000eb480000,0x00000000eb5ecd38,0x00000000eb600000)
  to   space 2048K, 0% used [0x00000000eb200000,0x00000000eb200000,0x00000000eb400000)
 ParOldGen       total 116736K, used 116342K [0x00000000c0000000, 0x00000000c7200000, 0x00000000eab00000)
  object space 116736K, 99% used [0x00000000c0000000,0x00000000c719d888,0x00000000c7200000)
 Metaspace       used 50995K, committed 52224K, reserved 1114112K
  class space    used 5373K, committed 5888K, reserved 1048576K
}
Event: 7.767 GC heap before
{Heap before GC invocations=59 (full 2):
 PSYoungGen      total 8704K, used 8627K [0x00000000eab00000, 0x00000000eb600000, 0x0000000100000000)
  eden space 7168K, 100% used [0x00000000eab00000,0x00000000eb200000,0x00000000eb200000)
  from space 1536K, 95% used [0x00000000eb480000,0x00000000eb5ecd38,0x00000000eb600000)
  to   space 2048K, 0% used [0x00000000eb200000,0x00000000eb200000,0x00000000eb400000)
 ParOldGen       total 116736K, used 116342K [0x00000000c0000000, 0x00000000c7200000, 0x00000000eab00000)
  object space 116736K, 99% used [0x00000000c0000000,0x00000000c719d888,0x00000000c7200000)
 Metaspace       used 51058K, committed 52288K, reserved 1114112K
  class space    used 5389K, committed 5888K, reserved 1048576K
}
Event: 7.772 GC heap after
{Heap after GC invocations=59 (full 2):
 PSYoungGen      total 9216K, used 2016K [0x00000000eab00000, 0x00000000eba00000, 0x0000000100000000)
  eden space 7168K, 0% used [0x00000000eab00000,0x00000000eab00000,0x00000000eb200000)
  from space 2048K, 98% used [0x00000000eb200000,0x00000000eb3f8008,0x00000000eb400000)
  to   space 4096K, 0% used [0x00000000eb600000,0x00000000eb600000,0x00000000eba00000)
 ParOldGen       total 118272K, used 117866K [0x00000000c0000000, 0x00000000c7380000, 0x00000000eab00000)
  object space 118272K, 99% used [0x00000000c0000000,0x00000000c731aa10,0x00000000c7380000)
 Metaspace       used 51058K, committed 52288K, reserved 1114112K
  class space    used 5389K, committed 5888K, reserved 1048576K
}
Event: 7.800 GC heap before
{Heap before GC invocations=60 (full 2):
 PSYoungGen      total 9216K, used 9184K [0x00000000eab00000, 0x00000000eba00000, 0x0000000100000000)
  eden space 7168K, 100% used [0x00000000eab00000,0x00000000eb200000,0x00000000eb200000)
  from space 2048K, 98% used [0x00000000eb200000,0x00000000eb3f8008,0x00000000eb400000)
  to   space 4096K, 0% used [0x00000000eb600000,0x00000000eb600000,0x00000000eba00000)
 ParOldGen       total 118272K, used 117866K [0x00000000c0000000, 0x00000000c7380000, 0x00000000eab00000)
  object space 118272K, 99% used [0x00000000c0000000,0x00000000c731aa10,0x00000000c7380000)
 Metaspace       used 51106K, committed 52352K, reserved 1114112K
  class space    used 5394K, committed 5888K, reserved 1048576K
}
Event: 7.803 GC heap after
{Heap after GC invocations=60 (full 2):
 PSYoungGen      total 9216K, used 1634K [0x00000000eab00000, 0x00000000eb800000, 0x0000000100000000)
  eden space 7168K, 0% used [0x00000000eab00000,0x00000000eab00000,0x00000000eb200000)
  from space 2048K, 79% used [0x00000000eb600000,0x00000000eb798a90,0x00000000eb800000)
  to   space 2560K, 0% used [0x00000000eb300000,0x00000000eb300000,0x00000000eb580000)
 ParOldGen       total 120320K, used 119866K [0x00000000c0000000, 0x00000000c7580000, 0x00000000eab00000)
  object space 120320K, 99% used [0x00000000c0000000,0x00000000c750e8f8,0x00000000c7580000)
 Metaspace       used 51106K, committed 52352K, reserved 1114112K
  class space    used 5394K, committed 5888K, reserved 1048576K
}
Event: 7.832 GC heap before
{Heap before GC invocations=61 (full 2):
 PSYoungGen      total 9216K, used 8802K [0x00000000eab00000, 0x00000000eb800000, 0x0000000100000000)
  eden space 7168K, 100% used [0x00000000eab00000,0x00000000eb200000,0x00000000eb200000)
  from space 2048K, 79% used [0x00000000eb600000,0x00000000eb798a90,0x00000000eb800000)
  to   space 2560K, 0% used [0x00000000eb300000,0x00000000eb300000,0x00000000eb580000)
 ParOldGen       total 120320K, used 119866K [0x00000000c0000000, 0x00000000c7580000, 0x00000000eab00000)
  object space 120320K, 99% used [0x00000000c0000000,0x00000000c750e8f8,0x00000000c7580000)
 Metaspace       used 51138K, committed 52352K, reserved 1114112K
  class space    used 5399K, committed 5888K, reserved 1048576K
}
Event: 7.834 GC heap after
{Heap after GC invocations=61 (full 2):
 PSYoungGen      total 9216K, used 1687K [0x00000000eab00000, 0x00000000eb680000, 0x0000000100000000)
  eden space 7168K, 0% used [0x00000000eab00000,0x00000000eab00000,0x00000000eb200000)
  from space 2048K, 82% used [0x00000000eb300000,0x00000000eb4a5f80,0x00000000eb500000)
  to   space 1536K, 0% used [0x00000000eb500000,0x00000000eb500000,0x00000000eb680000)
 ParOldGen       total 121344K, used 121323K [0x00000000c0000000, 0x00000000c7680000, 0x00000000eab00000)
  object space 121344K, 99% used [0x00000000c0000000,0x00000000c767ac20,0x00000000c7680000)
 Metaspace       used 51138K, committed 52352K, reserved 1114112K
  class space    used 5399K, committed 5888K, reserved 1048576K
}
Event: 7.872 GC heap before
{Heap before GC invocations=62 (full 2):
 PSYoungGen      total 9216K, used 8855K [0x00000000eab00000, 0x00000000eb680000, 0x0000000100000000)
  eden space 7168K, 100% used [0x00000000eab00000,0x00000000eb200000,0x00000000eb200000)
  from space 2048K, 82% used [0x00000000eb300000,0x00000000eb4a5f80,0x00000000eb500000)
  to   space 1536K, 0% used [0x00000000eb500000,0x00000000eb500000,0x00000000eb680000)
 ParOldGen       total 121344K, used 121323K [0x00000000c0000000, 0x00000000c7680000, 0x00000000eab00000)
  object space 121344K, 99% used [0x00000000c0000000,0x00000000c767ac20,0x00000000c7680000)
 Metaspace       used 51193K, committed 52416K, reserved 1114112K
  class space    used 5403K, committed 5888K, reserved 1048576K
}
Event: 7.875 GC heap after
{Heap after GC invocations=62 (full 2):
 PSYoungGen      total 8704K, used 1524K [0x00000000eab00000, 0x00000000eb680000, 0x0000000100000000)
  eden space 7168K, 0% used [0x00000000eab00000,0x00000000eab00000,0x00000000eb200000)
  from space 1536K, 99% used [0x00000000eb500000,0x00000000eb67d3a8,0x00000000eb680000)
  to   space 2048K, 0% used [0x00000000eb300000,0x00000000eb300000,0x00000000eb500000)
 ParOldGen       total 122880K, used 122844K [0x00000000c0000000, 0x00000000c7800000, 0x00000000eab00000)
  object space 122880K, 99% used [0x00000000c0000000,0x00000000c77f7000,0x00000000c7800000)
 Metaspace       used 51193K, committed 52416K, reserved 1114112K
  class space    used 5403K, committed 5888K, reserved 1048576K
}

