# JRE version: OpenJDK Runtime Environment Temurin-21.0.6+7 (21.0.6+7) (build 21.0.6+7-LTS)
# Java VM: OpenJDK 64-Bit Server VM Temurin-21.0.6+7 (21.0.6+7-LTS, mixed mode, sharing, tiered, compressed oops, compressed class ptrs, parallel gc, windows-amd64)
GC Precious Log:
 CardTable entry size: 512
 CPUs: 12 total, 12 available
 Memory: 7893M
 Large Page Support: Disabled
 NUMA Support: Disabled
 Compressed Oops: Enabled (32-bit)
 Alignments: Space 512K, Generation 512K, Heap 2M
 Heap Min Capacity: 100M
 Heap Initial Capacity: 100M
 Heap Max Capacity: 1G
 Pre-touch: Disabled
 Parallel Workers: 10
Heap:
 PSYoungGen      total 4608K, used 1922K [0x00000000eab00000, 0x00000000eb080000, 0x0000000100000000)
  eden space 3584K, 38% used [0x00000000eab00000,0x00000000eac59bf8,0x00000000eae80000)
  from space 1024K, 52% used [0x00000000eaf80000,0x00000000eb006c18,0x00000000eb080000)
  to   space 1024K, 0% used [0x00000000eae80000,0x00000000eae80000,0x00000000eaf80000)
 ParOldGen       total 607744K, used 607479K [0x00000000c0000000, 0x00000000e5180000, 0x00000000eab00000)
  object space 607744K, 99% used [0x00000000c0000000,0x00000000e513dc68,0x00000000e5180000)
 Metaspace       used 51317K, committed 52480K, reserved 1114112K
  class space    used 5356K, committed 5888K, reserved 1048576K
GC Heap History (20 events):
Event: 38.078 GC heap before
{Heap before GC invocations=768 (full 2):
 PSYoungGen      total 4608K, used 4128K [0x00000000eab00000, 0x00000000eb080000, 0x0000000100000000)
  eden space 3584K, 100% used [0x00000000eab00000,0x00000000eae80000,0x00000000eae80000)
  from space 1024K, 53% used [0x00000000eae80000,0x00000000eaf08000,0x00000000eaf80000)
  to   space 1024K, 0% used [0x00000000eaf80000,0x00000000eaf80000,0x00000000eb080000)
 ParOldGen       total 603648K, used 603599K [0x00000000c0000000, 0x00000000e4d80000, 0x00000000eab00000)
  object space 603648K, 99% used [0x00000000c0000000,0x00000000e4d73fe0,0x00000000e4d80000)
 Metaspace       used 50882K, committed 52096K, reserved 1114112K
  class space    used 5302K, committed 5824K, reserved 1048576K
}
Event: 38.080 GC heap after
{Heap after GC invocations=768 (full 2):
 PSYoungGen      total 4608K, used 544K [0x00000000eab00000, 0x00000000eb080000, 0x0000000100000000)
  eden space 3584K, 0% used [0x00000000eab00000,0x00000000eab00000,0x00000000eae80000)
  from space 1024K, 53% used [0x00000000eaf80000,0x00000000eb008000,0x00000000eb080000)
  to   space 1024K, 0% used [0x00000000eae80000,0x00000000eae80000,0x00000000eaf80000)
 ParOldGen       total 604160K, used 603751K [0x00000000c0000000, 0x00000000e4e00000, 0x00000000eab00000)
  object space 604160K, 99% used [0x00000000c0000000,0x00000000e4d99fe0,0x00000000e4e00000)
 Metaspace       used 50882K, committed 52096K, reserved 1114112K
  class space    used 5302K, committed 5824K, reserved 1048576K
}
Event: 38.087 GC heap before
{Heap before GC invocations=769 (full 2):
 PSYoungGen      total 4608K, used 4128K [0x00000000eab00000, 0x00000000eb080000, 0x0000000100000000)
  eden space 3584K, 100% used [0x00000000eab00000,0x00000000eae80000,0x00000000eae80000)
  from space 1024K, 53% used [0x00000000eaf80000,0x00000000eb008000,0x00000000eb080000)
  to   space 1024K, 0% used [0x00000000eae80000,0x00000000eae80000,0x00000000eaf80000)
 ParOldGen       total 604160K, used 603751K [0x00000000c0000000, 0x00000000e4e00000, 0x00000000eab00000)
  object space 604160K, 99% used [0x00000000c0000000,0x00000000e4d99fe0,0x00000000e4e00000)
 Metaspace       used 50882K, committed 52096K, reserved 1114112K
  class space    used 5302K, committed 5824K, reserved 1048576K
}
Event: 38.089 GC heap after
{Heap after GC invocations=769 (full 2):
 PSYoungGen      total 4608K, used 507K [0x00000000eab00000, 0x00000000eb080000, 0x0000000100000000)
  eden space 3584K, 0% used [0x00000000eab00000,0x00000000eab00000,0x00000000eae80000)
  from space 1024K, 49% used [0x00000000eae80000,0x00000000eaefec08,0x00000000eaf80000)
  to   space 1024K, 0% used [0x00000000eaf80000,0x00000000eaf80000,0x00000000eb080000)
 ParOldGen       total 604160K, used 604116K [0x00000000c0000000, 0x00000000e4e00000, 0x00000000eab00000)
  object space 604160K, 99% used [0x00000000c0000000,0x00000000e4df5198,0x00000000e4e00000)
 Metaspace       used 50882K, committed 52096K, reserved 1114112K
  class space    used 5302K, committed 5824K, reserved 1048576K
}
Event: 38.133 GC heap before
{Heap before GC invocations=770 (full 2):
 PSYoungGen      total 4608K, used 4091K [0x00000000eab00000, 0x00000000eb080000, 0x0000000100000000)
  eden space 3584K, 100% used [0x00000000eab00000,0x00000000eae80000,0x00000000eae80000)
  from space 1024K, 49% used [0x00000000eae80000,0x00000000eaefec08,0x00000000eaf80000)
  to   space 1024K, 0% used [0x00000000eaf80000,0x00000000eaf80000,0x00000000eb080000)
 ParOldGen       total 604160K, used 604116K [0x00000000c0000000, 0x00000000e4e00000, 0x00000000eab00000)
  object space 604160K, 99% used [0x00000000c0000000,0x00000000e4df5198,0x00000000e4e00000)
 Metaspace       used 50885K, committed 52096K, reserved 1114112K
  class space    used 5302K, committed 5824K, reserved 1048576K
}
Event: 38.134 GC heap after
{Heap after GC invocations=770 (full 2):
 PSYoungGen      total 4096K, used 416K [0x00000000eab00000, 0x00000000eb000000, 0x0000000100000000)
  eden space 3584K, 0% used [0x00000000eab00000,0x00000000eab00000,0x00000000eae80000)
  from space 512K, 81% used [0x00000000eaf80000,0x00000000eafe8000,0x00000000eb000000)
  to   space 512K, 0% used [0x00000000eaf00000,0x00000000eaf00000,0x00000000eaf80000)
 ParOldGen       total 604672K, used 604527K [0x00000000c0000000, 0x00000000e4e80000, 0x00000000eab00000)
  object space 604672K, 99% used [0x00000000c0000000,0x00000000e4e5bda0,0x00000000e4e80000)
 Metaspace       used 50885K, committed 52096K, reserved 1114112K
  class space    used 5302K, committed 5824K, reserved 1048576K
}
Event: 38.165 GC heap before
{Heap before GC invocations=771 (full 2):
 PSYoungGen      total 4096K, used 4000K [0x00000000eab00000, 0x00000000eb000000, 0x0000000100000000)
  eden space 3584K, 100% used [0x00000000eab00000,0x00000000eae80000,0x00000000eae80000)
  from space 512K, 81% used [0x00000000eaf80000,0x00000000eafe8000,0x00000000eb000000)
  to   space 512K, 0% used [0x00000000eaf00000,0x00000000eaf00000,0x00000000eaf80000)
 ParOldGen       total 604672K, used 604527K [0x00000000c0000000, 0x00000000e4e80000, 0x00000000eab00000)
  object space 604672K, 99% used [0x00000000c0000000,0x00000000e4e5bda0,0x00000000e4e80000)
 Metaspace       used 50900K, committed 52096K, reserved 1114112K
  class space    used 5302K, committed 5824K, reserved 1048576K
}
Event: 38.166 GC heap after
{Heap after GC invocations=771 (full 2):
 PSYoungGen      total 4096K, used 445K [0x00000000eab00000, 0x00000000eb000000, 0x0000000100000000)
  eden space 3584K, 0% used [0x00000000eab00000,0x00000000eab00000,0x00000000eae80000)
  from space 512K, 87% used [0x00000000eaf00000,0x00000000eaf6f5d8,0x00000000eaf80000)
  to   space 512K, 0% used [0x00000000eaf80000,0x00000000eaf80000,0x00000000eb000000)
 ParOldGen       total 605184K, used 604807K [0x00000000c0000000, 0x00000000e4f00000, 0x00000000eab00000)
  object space 605184K, 99% used [0x00000000c0000000,0x00000000e4ea1da0,0x00000000e4f00000)
 Metaspace       used 50900K, committed 52096K, reserved 1114112K
  class space    used 5302K, committed 5824K, reserved 1048576K
}
Event: 38.177 GC heap before
{Heap before GC invocations=772 (full 2):
 PSYoungGen      total 4096K, used 4014K [0x00000000eab00000, 0x00000000eb000000, 0x0000000100000000)
  eden space 3584K, 99% used [0x00000000eab00000,0x00000000eae7c430,0x00000000eae80000)
  from space 512K, 87% used [0x00000000eaf00000,0x00000000eaf6f5d8,0x00000000eaf80000)
  to   space 512K, 0% used [0x00000000eaf80000,0x00000000eaf80000,0x00000000eb000000)
 ParOldGen       total 605184K, used 604807K [0x00000000c0000000, 0x00000000e4f00000, 0x00000000eab00000)
  object space 605184K, 99% used [0x00000000c0000000,0x00000000e4ea1da0,0x00000000e4f00000)
 Metaspace       used 50900K, committed 52096K, reserved 1114112K
  class space    used 5302K, committed 5824K, reserved 1048576K
}
Event: 38.179 GC heap after
{Heap after GC invocations=772 (full 2):
 PSYoungGen      total 4096K, used 512K [0x00000000eab00000, 0x00000000eb080000, 0x0000000100000000)
  eden space 3584K, 0% used [0x00000000eab00000,0x00000000eab00000,0x00000000eae80000)
  from space 512K, 100% used [0x00000000eaf80000,0x00000000eb000000,0x00000000eb000000)
  to   space 1024K, 0% used [0x00000000eae80000,0x00000000eae80000,0x00000000eaf80000)
 ParOldGen       total 605184K, used 605132K [0x00000000c0000000, 0x00000000e4f00000, 0x00000000eab00000)
  object space 605184K, 99% used [0x00000000c0000000,0x00000000e4ef3378,0x00000000e4f00000)
 Metaspace       used 50900K, committed 52096K, reserved 1114112K
  class space    used 5302K, committed 5824K, reserved 1048576K
}
Event: 38.188 GC heap before
{Heap before GC invocations=773 (full 2):
 PSYoungGen      total 4096K, used 4096K [0x00000000eab00000, 0x00000000eb080000, 0x0000000100000000)
  eden space 3584K, 100% used [0x00000000eab00000,0x00000000eae80000,0x00000000eae80000)
  from space 512K, 100% used [0x00000000eaf80000,0x00000000eb000000,0x00000000eb000000)
  to   space 1024K, 0% used [0x00000000eae80000,0x00000000eae80000,0x00000000eaf80000)
 ParOldGen       total 605184K, used 605132K [0x00000000c0000000, 0x00000000e4f00000, 0x00000000eab00000)
  object space 605184K, 99% used [0x00000000c0000000,0x00000000e4ef3378,0x00000000e4f00000)
 Metaspace       used 50900K, committed 52096K, reserved 1114112K
  class space    used 5302K, committed 5824K, reserved 1048576K
}
Event: 38.190 GC heap after
{Heap after GC invocations=773 (full 2):
 PSYoungGen      total 4608K, used 544K [0x00000000eab00000, 0x00000000eb080000, 0x0000000100000000)
  eden space 3584K, 0% used [0x00000000eab00000,0x00000000eab00000,0x00000000eae80000)
  from space 1024K, 53% used [0x00000000eae80000,0x00000000eaf08000,0x00000000eaf80000)
  to   space 1024K, 0% used [0x00000000eaf80000,0x00000000eaf80000,0x00000000eb080000)
 ParOldGen       total 605696K, used 605559K [0x00000000c0000000, 0x00000000e4f80000, 0x00000000eab00000)
  object space 605696K, 99% used [0x00000000c0000000,0x00000000e4f5df80,0x00000000e4f80000)
 Metaspace       used 50900K, committed 52096K, reserved 1114112K
  class space    used 5302K, committed 5824K, reserved 1048576K
}
Event: 38.201 GC heap before
{Heap before GC invocations=774 (full 2):
 PSYoungGen      total 4608K, used 4128K [0x00000000eab00000, 0x00000000eb080000, 0x0000000100000000)
  eden space 3584K, 100% used [0x00000000eab00000,0x00000000eae80000,0x00000000eae80000)
  from space 1024K, 53% used [0x00000000eae80000,0x00000000eaf08000,0x00000000eaf80000)
  to   space 1024K, 0% used [0x00000000eaf80000,0x00000000eaf80000,0x00000000eb080000)
 ParOldGen       total 605696K, used 605559K [0x00000000c0000000, 0x00000000e4f80000, 0x00000000eab00000)
  object space 605696K, 99% used [0x00000000c0000000,0x00000000e4f5df80,0x00000000e4f80000)
 Metaspace       used 50903K, committed 52096K, reserved 1114112K
  class space    used 5302K, committed 5824K, reserved 1048576K
}
Event: 38.203 GC heap after
{Heap after GC invocations=774 (full 2):
 PSYoungGen      total 4608K, used 480K [0x00000000eab00000, 0x00000000eb080000, 0x0000000100000000)
  eden space 3584K, 0% used [0x00000000eab00000,0x00000000eab00000,0x00000000eae80000)
  from space 1024K, 46% used [0x00000000eaf80000,0x00000000eaff8000,0x00000000eb080000)
  to   space 1024K, 0% used [0x00000000eae80000,0x00000000eae80000,0x00000000eaf80000)
 ParOldGen       total 606208K, used 605943K [0x00000000c0000000, 0x00000000e5000000, 0x00000000eab00000)
  object space 606208K, 99% used [0x00000000c0000000,0x00000000e4fbdf80,0x00000000e5000000)
 Metaspace       used 50903K, committed 52096K, reserved 1114112K
  class space    used 5302K, committed 5824K, reserved 1048576K
}
Event: 38.223 GC heap before
{Heap before GC invocations=775 (full 2):
 PSYoungGen      total 4608K, used 4064K [0x00000000eab00000, 0x00000000eb080000, 0x0000000100000000)
  eden space 3584K, 100% used [0x00000000eab00000,0x00000000eae80000,0x00000000eae80000)
  from space 1024K, 46% used [0x00000000eaf80000,0x00000000eaff8000,0x00000000eb080000)
  to   space 1024K, 0% used [0x00000000eae80000,0x00000000eae80000,0x00000000eaf80000)
 ParOldGen       total 606208K, used 605943K [0x00000000c0000000, 0x00000000e5000000, 0x00000000eab00000)
  object space 606208K, 99% used [0x00000000c0000000,0x00000000e4fbdf80,0x00000000e5000000)
 Metaspace       used 50917K, committed 52160K, reserved 1114112K
  class space    used 5304K, committed 5824K, reserved 1048576K
}
Event: 38.224 GC heap after
{Heap after GC invocations=775 (full 2):
 PSYoungGen      total 4608K, used 886K [0x00000000eab00000, 0x00000000eb080000, 0x0000000100000000)
  eden space 3584K, 0% used [0x00000000eab00000,0x00000000eab00000,0x00000000eae80000)
  from space 1024K, 86% used [0x00000000eae80000,0x00000000eaf5d808,0x00000000eaf80000)
  to   space 1024K, 0% used [0x00000000eaf80000,0x00000000eaf80000,0x00000000eb080000)
 ParOldGen       total 606720K, used 606319K [0x00000000c0000000, 0x00000000e5080000, 0x00000000eab00000)
  object space 606720K, 99% used [0x00000000c0000000,0x00000000e501bf80,0x00000000e5080000)
 Metaspace       used 50917K, committed 52160K, reserved 1114112K
  class space    used 5304K, committed 5824K, reserved 1048576K
}
Event: 38.294 GC heap before
{Heap before GC invocations=776 (full 2):
 PSYoungGen      total 4608K, used 4470K [0x00000000eab00000, 0x00000000eb080000, 0x0000000100000000)
  eden space 3584K, 100% used [0x00000000eab00000,0x00000000eae80000,0x00000000eae80000)
  from space 1024K, 86% used [0x00000000eae80000,0x00000000eaf5d808,0x00000000eaf80000)
  to   space 1024K, 0% used [0x00000000eaf80000,0x00000000eaf80000,0x00000000eb080000)
 ParOldGen       total 606720K, used 606319K [0x00000000c0000000, 0x00000000e5080000, 0x00000000eab00000)
  object space 606720K, 99% used [0x00000000c0000000,0x00000000e501bf80,0x00000000e5080000)
 Metaspace       used 51044K, committed 52288K, reserved 1114112K
  class space    used 5323K, committed 5888K, reserved 1048576K
}
Event: 38.296 GC heap after
{Heap after GC invocations=776 (full 2):
 PSYoungGen      total 4608K, used 576K [0x00000000eab00000, 0x00000000eb080000, 0x0000000100000000)
  eden space 3584K, 0% used [0x00000000eab00000,0x00000000eab00000,0x00000000eae80000)
  from space 1024K, 56% used [0x00000000eaf80000,0x00000000eb010000,0x00000000eb080000)
  to   space 1024K, 0% used [0x00000000eae80000,0x00000000eae80000,0x00000000eaf80000)
 ParOldGen       total 606720K, used 606637K [0x00000000c0000000, 0x00000000e5080000, 0x00000000eab00000)
  object space 606720K, 99% used [0x00000000c0000000,0x00000000e506b788,0x00000000e5080000)
 Metaspace       used 51044K, committed 52288K, reserved 1114112K
  class space    used 5323K, committed 5888K, reserved 1048576K
}
Event: 38.317 GC heap before
{Heap before GC invocations=777 (full 2):
 PSYoungGen      total 4608K, used 4160K [0x00000000eab00000, 0x00000000eb080000, 0x0000000100000000)
  eden space 3584K, 100% used [0x00000000eab00000,0x00000000eae80000,0x00000000eae80000)
  from space 1024K, 56% used [0x00000000eaf80000,0x00000000eb010000,0x00000000eb080000)
  to   space 1024K, 0% used [0x00000000eae80000,0x00000000eae80000,0x00000000eaf80000)
 ParOldGen       total 606720K, used 606637K [0x00000000c0000000, 0x00000000e5080000, 0x00000000eab00000)
  object space 606720K, 99% used [0x00000000c0000000,0x00000000e506b788,0x00000000e5080000)
 Metaspace       used 51127K, committed 52352K, reserved 1114112K
  class space    used 5334K, committed 5888K, reserved 1048576K
}
Event: 38.318 GC heap after
{Heap after GC invocations=777 (full 2):
 PSYoungGen      total 4608K, used 608K [0x00000000eab00000, 0x00000000eb080000, 0x0000000100000000)
  eden space 3584K, 0% used [0x00000000eab00000,0x00000000eab00000,0x00000000eae80000)
  from space 1024K, 59% used [0x00000000eae80000,0x00000000eaf18000,0x00000000eaf80000)
  to   space 1024K, 0% used [0x00000000eaf80000,0x00000000eaf80000,0x00000000eb080000)
 ParOldGen       total 607232K, used 607054K [0x00000000c0000000, 0x00000000e5100000, 0x00000000eab00000)
  object space 607232K, 99% used [0x00000000c0000000,0x00000000e50d3980,0x00000000e5100000)
 Metaspace       used 51127K, committed 52352K, reserved 1114112K
  class space    used 5334K, committed 5888K, reserved 1048576K
}

